{"/Users/varungupta/Developer/Academic/CS520/study-app_cs520/backend/src/database.js": {"path":"/Users/varungupta/Developer/Academic/CS520/study-app_cs520/backend/src/database.js","statementMap":{"0":{"start":{"line":2,"column":16},"end":{"line":2,"column":44}},"1":{"start":{"line":3,"column":13},"end":{"line":3,"column":28}},"2":{"start":{"line":12,"column":11},"end":{"line":18,"column":2}},"3":{"start":{"line":13,"column":2},"end":{"line":17,"column":3}},"4":{"start":{"line":14,"column":4},"end":{"line":14,"column":56}},"5":{"start":{"line":16,"column":4},"end":{"line":16,"column":49}},"6":{"start":{"line":28,"column":0},"end":{"line":175,"column":3}},"7":{"start":{"line":29,"column":2},"end":{"line":41,"column":5}},"8":{"start":{"line":36,"column":4},"end":{"line":40,"column":5}},"9":{"start":{"line":37,"column":6},"end":{"line":37,"column":56}},"10":{"start":{"line":39,"column":6},"end":{"line":39,"column":40}},"11":{"start":{"line":54,"column":2},"end":{"line":70,"column":5}},"12":{"start":{"line":65,"column":4},"end":{"line":69,"column":5}},"13":{"start":{"line":66,"column":6},"end":{"line":66,"column":61}},"14":{"start":{"line":68,"column":6},"end":{"line":68,"column":45}},"15":{"start":{"line":80,"column":2},"end":{"line":93,"column":5}},"16":{"start":{"line":88,"column":4},"end":{"line":92,"column":5}},"17":{"start":{"line":89,"column":6},"end":{"line":89,"column":66}},"18":{"start":{"line":91,"column":6},"end":{"line":91,"column":50}},"19":{"start":{"line":105,"column":2},"end":{"line":120,"column":5}},"20":{"start":{"line":115,"column":4},"end":{"line":119,"column":5}},"21":{"start":{"line":116,"column":6},"end":{"line":116,"column":63}},"22":{"start":{"line":118,"column":6},"end":{"line":118,"column":47}},"23":{"start":{"line":132,"column":2},"end":{"line":147,"column":5}},"24":{"start":{"line":142,"column":4},"end":{"line":146,"column":5}},"25":{"start":{"line":143,"column":6},"end":{"line":143,"column":58}},"26":{"start":{"line":145,"column":6},"end":{"line":145,"column":42}},"27":{"start":{"line":159,"column":2},"end":{"line":174,"column":5}},"28":{"start":{"line":169,"column":4},"end":{"line":173,"column":5}},"29":{"start":{"line":170,"column":6},"end":{"line":170,"column":62}},"30":{"start":{"line":172,"column":6},"end":{"line":172,"column":46}},"31":{"start":{"line":187,"column":0},"end":{"line":205,"column":3}},"32":{"start":{"line":200,"column":2},"end":{"line":204,"column":3}},"33":{"start":{"line":201,"column":4},"end":{"line":201,"column":65}},"34":{"start":{"line":203,"column":4},"end":{"line":203,"column":49}},"35":{"start":{"line":217,"column":0},"end":{"line":234,"column":3}},"36":{"start":{"line":229,"column":2},"end":{"line":233,"column":3}},"37":{"start":{"line":230,"column":4},"end":{"line":230,"column":60}},"38":{"start":{"line":232,"column":4},"end":{"line":232,"column":44}},"39":{"start":{"line":236,"column":0},"end":{"line":252,"column":3}},"40":{"start":{"line":247,"column":2},"end":{"line":251,"column":3}},"41":{"start":{"line":248,"column":4},"end":{"line":248,"column":64}},"42":{"start":{"line":250,"column":4},"end":{"line":250,"column":48}},"43":{"start":{"line":254,"column":0},"end":{"line":254,"column":20}}},"fnMap":{"0":{"name":"(anonymous_0)","decl":{"start":{"line":12,"column":72},"end":{"line":12,"column":73}},"loc":{"start":{"line":12,"column":81},"end":{"line":18,"column":1}},"line":12},"1":{"name":"(anonymous_1)","decl":{"start":{"line":28,"column":13},"end":{"line":28,"column":14}},"loc":{"start":{"line":28,"column":19},"end":{"line":175,"column":1}},"line":28},"2":{"name":"(anonymous_2)","decl":{"start":{"line":35,"column":5},"end":{"line":35,"column":6}},"loc":{"start":{"line":35,"column":14},"end":{"line":41,"column":3}},"line":35},"3":{"name":"(anonymous_3)","decl":{"start":{"line":64,"column":5},"end":{"line":64,"column":6}},"loc":{"start":{"line":64,"column":14},"end":{"line":70,"column":3}},"line":64},"4":{"name":"(anonymous_4)","decl":{"start":{"line":87,"column":5},"end":{"line":87,"column":6}},"loc":{"start":{"line":87,"column":14},"end":{"line":93,"column":3}},"line":87},"5":{"name":"(anonymous_5)","decl":{"start":{"line":114,"column":5},"end":{"line":114,"column":6}},"loc":{"start":{"line":114,"column":14},"end":{"line":120,"column":3}},"line":114},"6":{"name":"(anonymous_6)","decl":{"start":{"line":141,"column":5},"end":{"line":141,"column":6}},"loc":{"start":{"line":141,"column":14},"end":{"line":147,"column":3}},"line":141},"7":{"name":"(anonymous_7)","decl":{"start":{"line":168,"column":5},"end":{"line":168,"column":6}},"loc":{"start":{"line":168,"column":14},"end":{"line":174,"column":3}},"line":168},"8":{"name":"(anonymous_8)","decl":{"start":{"line":199,"column":3},"end":{"line":199,"column":4}},"loc":{"start":{"line":199,"column":12},"end":{"line":205,"column":1}},"line":199},"9":{"name":"(anonymous_9)","decl":{"start":{"line":228,"column":3},"end":{"line":228,"column":4}},"loc":{"start":{"line":228,"column":12},"end":{"line":234,"column":1}},"line":228},"10":{"name":"(anonymous_10)","decl":{"start":{"line":246,"column":3},"end":{"line":246,"column":4}},"loc":{"start":{"line":246,"column":12},"end":{"line":252,"column":1}},"line":246}},"branchMap":{"0":{"loc":{"start":{"line":13,"column":2},"end":{"line":17,"column":3}},"type":"if","locations":[{"start":{"line":13,"column":2},"end":{"line":17,"column":3}},{"start":{"line":15,"column":9},"end":{"line":17,"column":3}}],"line":13},"1":{"loc":{"start":{"line":36,"column":4},"end":{"line":40,"column":5}},"type":"if","locations":[{"start":{"line":36,"column":4},"end":{"line":40,"column":5}},{"start":{"line":38,"column":11},"end":{"line":40,"column":5}}],"line":36},"2":{"loc":{"start":{"line":65,"column":4},"end":{"line":69,"column":5}},"type":"if","locations":[{"start":{"line":65,"column":4},"end":{"line":69,"column":5}},{"start":{"line":67,"column":11},"end":{"line":69,"column":5}}],"line":65},"3":{"loc":{"start":{"line":88,"column":4},"end":{"line":92,"column":5}},"type":"if","locations":[{"start":{"line":88,"column":4},"end":{"line":92,"column":5}},{"start":{"line":90,"column":11},"end":{"line":92,"column":5}}],"line":88},"4":{"loc":{"start":{"line":115,"column":4},"end":{"line":119,"column":5}},"type":"if","locations":[{"start":{"line":115,"column":4},"end":{"line":119,"column":5}},{"start":{"line":117,"column":11},"end":{"line":119,"column":5}}],"line":115},"5":{"loc":{"start":{"line":142,"column":4},"end":{"line":146,"column":5}},"type":"if","locations":[{"start":{"line":142,"column":4},"end":{"line":146,"column":5}},{"start":{"line":144,"column":11},"end":{"line":146,"column":5}}],"line":142},"6":{"loc":{"start":{"line":169,"column":4},"end":{"line":173,"column":5}},"type":"if","locations":[{"start":{"line":169,"column":4},"end":{"line":173,"column":5}},{"start":{"line":171,"column":11},"end":{"line":173,"column":5}}],"line":169},"7":{"loc":{"start":{"line":200,"column":2},"end":{"line":204,"column":3}},"type":"if","locations":[{"start":{"line":200,"column":2},"end":{"line":204,"column":3}},{"start":{"line":202,"column":9},"end":{"line":204,"column":3}}],"line":200},"8":{"loc":{"start":{"line":229,"column":2},"end":{"line":233,"column":3}},"type":"if","locations":[{"start":{"line":229,"column":2},"end":{"line":233,"column":3}},{"start":{"line":231,"column":9},"end":{"line":233,"column":3}}],"line":229},"9":{"loc":{"start":{"line":247,"column":2},"end":{"line":251,"column":3}},"type":"if","locations":[{"start":{"line":247,"column":2},"end":{"line":251,"column":3}},{"start":{"line":249,"column":9},"end":{"line":251,"column":3}}],"line":247}},"s":{"0":4,"1":4,"2":4,"3":4,"4":0,"5":4,"6":4,"7":4,"8":4,"9":0,"10":4,"11":4,"12":4,"13":0,"14":4,"15":4,"16":4,"17":0,"18":4,"19":4,"20":4,"21":0,"22":4,"23":4,"24":4,"25":0,"26":4,"27":4,"28":4,"29":0,"30":4,"31":4,"32":4,"33":0,"34":4,"35":4,"36":4,"37":0,"38":4,"39":4,"40":4,"41":0,"42":4,"43":4},"f":{"0":4,"1":4,"2":4,"3":4,"4":4,"5":4,"6":4,"7":4,"8":4,"9":4,"10":4},"b":{"0":[0,4],"1":[0,4],"2":[0,4],"3":[0,4],"4":[0,4],"5":[0,4],"6":[0,4],"7":[0,4],"8":[0,4],"9":[0,4]},"_coverageSchema":"1a1c01bbd47fc00a2c39e90264f33305004495a9","hash":"02a445fc2f83c9c5ab3d1914c8a0049ae840bae2"}
,"/Users/varungupta/Developer/Academic/CS520/study-app_cs520/backend/src/server.js": {"path":"/Users/varungupta/Developer/Academic/CS520/study-app_cs520/backend/src/server.js","statementMap":{"0":{"start":{"line":1,"column":16},"end":{"line":1,"column":34}},"1":{"start":{"line":2,"column":13},"end":{"line":2,"column":28}},"2":{"start":{"line":3,"column":12},"end":{"line":3,"column":21}},"3":{"start":{"line":4,"column":13},"end":{"line":4,"column":28}},"4":{"start":{"line":5,"column":13},"end":{"line":5,"column":37}},"5":{"start":{"line":7,"column":22},"end":{"line":7,"column":55}},"6":{"start":{"line":8,"column":19},"end":{"line":8,"column":49}},"7":{"start":{"line":9,"column":20},"end":{"line":9,"column":51}},"8":{"start":{"line":10,"column":20},"end":{"line":10,"column":51}},"9":{"start":{"line":11,"column":19},"end":{"line":11,"column":49}},"10":{"start":{"line":12,"column":19},"end":{"line":12,"column":49}},"11":{"start":{"line":22,"column":0},"end":{"line":22,"column":16}},"12":{"start":{"line":32,"column":0},"end":{"line":32,"column":24}},"13":{"start":{"line":41,"column":0},"end":{"line":41,"column":48}},"14":{"start":{"line":50,"column":0},"end":{"line":50,"column":57}},"15":{"start":{"line":60,"column":0},"end":{"line":60,"column":29}},"16":{"start":{"line":70,"column":0},"end":{"line":70,"column":28}},"17":{"start":{"line":80,"column":0},"end":{"line":80,"column":29}},"18":{"start":{"line":90,"column":0},"end":{"line":90,"column":35}},"19":{"start":{"line":100,"column":0},"end":{"line":100,"column":36}},"20":{"start":{"line":109,"column":0},"end":{"line":109,"column":70}},"21":{"start":{"line":112,"column":0},"end":{"line":112,"column":34}},"22":{"start":{"line":115,"column":0},"end":{"line":115,"column":21}},"23":{"start":{"line":123,"column":0},"end":{"line":127,"column":1}},"24":{"start":{"line":124,"column":2},"end":{"line":126,"column":5}},"25":{"start":{"line":125,"column":4},"end":{"line":125,"column":65}}},"fnMap":{"0":{"name":"(anonymous_0)","decl":{"start":{"line":124,"column":19},"end":{"line":124,"column":20}},"loc":{"start":{"line":124,"column":25},"end":{"line":126,"column":3}},"line":124}},"branchMap":{"0":{"loc":{"start":{"line":5,"column":13},"end":{"line":5,"column":37}},"type":"binary-expr","locations":[{"start":{"line":5,"column":13},"end":{"line":5,"column":29}},{"start":{"line":5,"column":33},"end":{"line":5,"column":37}}],"line":5},"1":{"loc":{"start":{"line":123,"column":0},"end":{"line":127,"column":1}},"type":"if","locations":[{"start":{"line":123,"column":0},"end":{"line":127,"column":1}},{"start":{},"end":{}}],"line":123}},"s":{"0":4,"1":4,"2":4,"3":4,"4":4,"5":4,"6":4,"7":4,"8":4,"9":4,"10":4,"11":4,"12":4,"13":4,"14":4,"15":4,"16":4,"17":4,"18":4,"19":4,"20":4,"21":4,"22":4,"23":4,"24":0,"25":0},"f":{"0":0},"b":{"0":[4,4],"1":[0,4]},"_coverageSchema":"1a1c01bbd47fc00a2c39e90264f33305004495a9","hash":"110b6f0171ea8b12cec82471bc9549560cc2eec1"}
,"/Users/varungupta/Developer/Academic/CS520/study-app_cs520/backend/src/controllers/authControllers.js": {"path":"/Users/varungupta/Developer/Academic/CS520/study-app_cs520/backend/src/controllers/authControllers.js","statementMap":{"0":{"start":{"line":2,"column":15},"end":{"line":2,"column":32}},"1":{"start":{"line":3,"column":11},"end":{"line":3,"column":33}},"2":{"start":{"line":4,"column":12},"end":{"line":4,"column":35}},"3":{"start":{"line":5,"column":12},"end":{"line":5,"column":38}},"4":{"start":{"line":8,"column":19},"end":{"line":8,"column":66}},"5":{"start":{"line":11,"column":0},"end":{"line":11,"column":24}},"6":{"start":{"line":20,"column":21},"end":{"line":23,"column":1}},"7":{"start":{"line":21,"column":21},"end":{"line":21,"column":49}},"8":{"start":{"line":22,"column":2},"end":{"line":22,"column":32}},"9":{"start":{"line":36,"column":15},"end":{"line":85,"column":1}},"10":{"start":{"line":37,"column":2},"end":{"line":37,"column":41}},"11":{"start":{"line":39,"column":33},"end":{"line":39,"column":41}},"12":{"start":{"line":42,"column":2},"end":{"line":44,"column":3}},"13":{"start":{"line":43,"column":4},"end":{"line":43,"column":68}},"14":{"start":{"line":47,"column":2},"end":{"line":49,"column":3}},"15":{"start":{"line":48,"column":4},"end":{"line":48,"column":57}},"16":{"start":{"line":51,"column":2},"end":{"line":84,"column":3}},"17":{"start":{"line":53,"column":4},"end":{"line":80,"column":7}},"18":{"start":{"line":54,"column":6},"end":{"line":57,"column":7}},"19":{"start":{"line":55,"column":8},"end":{"line":55,"column":27}},"20":{"start":{"line":56,"column":8},"end":{"line":56,"column":77}},"21":{"start":{"line":60,"column":6},"end":{"line":62,"column":7}},"22":{"start":{"line":61,"column":8},"end":{"line":61,"column":61}},"23":{"start":{"line":65,"column":29},"end":{"line":65,"column":60}},"24":{"start":{"line":68,"column":6},"end":{"line":79,"column":8}},"25":{"start":{"line":72,"column":10},"end":{"line":75,"column":11}},"26":{"start":{"line":73,"column":12},"end":{"line":73,"column":31}},"27":{"start":{"line":74,"column":12},"end":{"line":74,"column":64}},"28":{"start":{"line":77,"column":10},"end":{"line":77,"column":48}},"29":{"start":{"line":82,"column":4},"end":{"line":82,"column":25}},"30":{"start":{"line":83,"column":4},"end":{"line":83,"column":69}},"31":{"start":{"line":98,"column":14},"end":{"line":133,"column":1}},"32":{"start":{"line":99,"column":33},"end":{"line":99,"column":41}},"33":{"start":{"line":102,"column":2},"end":{"line":104,"column":3}},"34":{"start":{"line":103,"column":4},"end":{"line":103,"column":68}},"35":{"start":{"line":107,"column":2},"end":{"line":132,"column":5}},"36":{"start":{"line":108,"column":4},"end":{"line":111,"column":5}},"37":{"start":{"line":109,"column":6},"end":{"line":109,"column":25}},"38":{"start":{"line":110,"column":6},"end":{"line":110,"column":58}},"39":{"start":{"line":114,"column":4},"end":{"line":116,"column":5}},"40":{"start":{"line":115,"column":6},"end":{"line":115,"column":58}},"41":{"start":{"line":119,"column":18},"end":{"line":123,"column":5}},"42":{"start":{"line":126,"column":4},"end":{"line":131,"column":7}},"43":{"start":{"line":136,"column":0},"end":{"line":136,"column":35}}},"fnMap":{"0":{"name":"(anonymous_0)","decl":{"start":{"line":20,"column":21},"end":{"line":20,"column":22}},"loc":{"start":{"line":20,"column":32},"end":{"line":23,"column":1}},"line":20},"1":{"name":"(anonymous_1)","decl":{"start":{"line":36,"column":15},"end":{"line":36,"column":16}},"loc":{"start":{"line":36,"column":35},"end":{"line":85,"column":1}},"line":36},"2":{"name":"(anonymous_2)","decl":{"start":{"line":53,"column":72},"end":{"line":53,"column":73}},"loc":{"start":{"line":53,"column":101},"end":{"line":80,"column":5}},"line":53},"3":{"name":"(anonymous_3)","decl":{"start":{"line":71,"column":8},"end":{"line":71,"column":9}},"loc":{"start":{"line":71,"column":23},"end":{"line":78,"column":9}},"line":71},"4":{"name":"(anonymous_4)","decl":{"start":{"line":98,"column":14},"end":{"line":98,"column":15}},"loc":{"start":{"line":98,"column":28},"end":{"line":133,"column":1}},"line":98},"5":{"name":"(anonymous_5)","decl":{"start":{"line":107,"column":63},"end":{"line":107,"column":64}},"loc":{"start":{"line":107,"column":84},"end":{"line":132,"column":3}},"line":107}},"branchMap":{"0":{"loc":{"start":{"line":8,"column":19},"end":{"line":8,"column":66}},"type":"binary-expr","locations":[{"start":{"line":8,"column":19},"end":{"line":8,"column":41}},{"start":{"line":8,"column":45},"end":{"line":8,"column":66}}],"line":8},"1":{"loc":{"start":{"line":42,"column":2},"end":{"line":44,"column":3}},"type":"if","locations":[{"start":{"line":42,"column":2},"end":{"line":44,"column":3}},{"start":{},"end":{}}],"line":42},"2":{"loc":{"start":{"line":42,"column":6},"end":{"line":42,"column":28}},"type":"binary-expr","locations":[{"start":{"line":42,"column":6},"end":{"line":42,"column":15}},{"start":{"line":42,"column":19},"end":{"line":42,"column":28}}],"line":42},"3":{"loc":{"start":{"line":47,"column":2},"end":{"line":49,"column":3}},"type":"if","locations":[{"start":{"line":47,"column":2},"end":{"line":49,"column":3}},{"start":{},"end":{}}],"line":47},"4":{"loc":{"start":{"line":54,"column":6},"end":{"line":57,"column":7}},"type":"if","locations":[{"start":{"line":54,"column":6},"end":{"line":57,"column":7}},{"start":{},"end":{}}],"line":54},"5":{"loc":{"start":{"line":60,"column":6},"end":{"line":62,"column":7}},"type":"if","locations":[{"start":{"line":60,"column":6},"end":{"line":62,"column":7}},{"start":{},"end":{}}],"line":60},"6":{"loc":{"start":{"line":72,"column":10},"end":{"line":75,"column":11}},"type":"if","locations":[{"start":{"line":72,"column":10},"end":{"line":75,"column":11}},{"start":{},"end":{}}],"line":72},"7":{"loc":{"start":{"line":102,"column":2},"end":{"line":104,"column":3}},"type":"if","locations":[{"start":{"line":102,"column":2},"end":{"line":104,"column":3}},{"start":{},"end":{}}],"line":102},"8":{"loc":{"start":{"line":102,"column":6},"end":{"line":102,"column":28}},"type":"binary-expr","locations":[{"start":{"line":102,"column":6},"end":{"line":102,"column":15}},{"start":{"line":102,"column":19},"end":{"line":102,"column":28}}],"line":102},"9":{"loc":{"start":{"line":108,"column":4},"end":{"line":111,"column":5}},"type":"if","locations":[{"start":{"line":108,"column":4},"end":{"line":111,"column":5}},{"start":{},"end":{}}],"line":108},"10":{"loc":{"start":{"line":114,"column":4},"end":{"line":116,"column":5}},"type":"if","locations":[{"start":{"line":114,"column":4},"end":{"line":116,"column":5}},{"start":{},"end":{}}],"line":114},"11":{"loc":{"start":{"line":114,"column":8},"end":{"line":114,"column":65}},"type":"binary-expr","locations":[{"start":{"line":114,"column":8},"end":{"line":114,"column":13}},{"start":{"line":114,"column":17},"end":{"line":114,"column":65}}],"line":114}},"s":{"0":4,"1":4,"2":4,"3":4,"4":4,"5":4,"6":4,"7":6,"8":6,"9":4,"10":7,"11":7,"12":7,"13":1,"14":6,"15":1,"16":5,"17":5,"18":5,"19":0,"20":0,"21":5,"22":4,"23":1,"24":1,"25":1,"26":0,"27":0,"28":1,"29":0,"30":0,"31":4,"32":5,"33":5,"34":2,"35":3,"36":3,"37":0,"38":0,"39":3,"40":1,"41":2,"42":2,"43":4},"f":{"0":6,"1":7,"2":5,"3":1,"4":5,"5":3},"b":{"0":[4,4],"1":[1,6],"2":[7,6],"3":[1,5],"4":[0,5],"5":[4,1],"6":[0,1],"7":[2,3],"8":[5,4],"9":[0,3],"10":[1,2],"11":[3,2]},"_coverageSchema":"1a1c01bbd47fc00a2c39e90264f33305004495a9","hash":"7aa7ae0b7fe02ad5f66d49aa4baa942f7115b792"}
,"/Users/varungupta/Developer/Academic/CS520/study-app_cs520/backend/src/controllers/chatControllers.js": {"path":"/Users/varungupta/Developer/Academic/CS520/study-app_cs520/backend/src/controllers/chatControllers.js","statementMap":{"0":{"start":{"line":2,"column":11},"end":{"line":2,"column":33}},"1":{"start":{"line":5,"column":0},"end":{"line":23,"column":2}},"2":{"start":{"line":6,"column":21},"end":{"line":6,"column":42}},"3":{"start":{"line":9,"column":2},"end":{"line":22,"column":5}},"4":{"start":{"line":17,"column":4},"end":{"line":20,"column":5}},"5":{"start":{"line":18,"column":6},"end":{"line":18,"column":53}},"6":{"start":{"line":19,"column":6},"end":{"line":19,"column":70}},"7":{"start":{"line":21,"column":4},"end":{"line":21,"column":19}},"8":{"start":{"line":26,"column":0},"end":{"line":43,"column":2}},"9":{"start":{"line":27,"column":42},"end":{"line":27,"column":50}},"10":{"start":{"line":30,"column":2},"end":{"line":32,"column":3}},"11":{"start":{"line":31,"column":4},"end":{"line":31,"column":79}},"12":{"start":{"line":34,"column":27},"end":{"line":34,"column":51}},"13":{"start":{"line":36,"column":2},"end":{"line":42,"column":5}},"14":{"start":{"line":37,"column":4},"end":{"line":40,"column":5}},"15":{"start":{"line":38,"column":6},"end":{"line":38,"column":51}},"16":{"start":{"line":39,"column":6},"end":{"line":39,"column":70}},"17":{"start":{"line":41,"column":4},"end":{"line":41,"column":121}}},"fnMap":{"0":{"name":"(anonymous_0)","decl":{"start":{"line":5,"column":22},"end":{"line":5,"column":23}},"loc":{"start":{"line":5,"column":36},"end":{"line":23,"column":1}},"line":5},"1":{"name":"(anonymous_1)","decl":{"start":{"line":16,"column":19},"end":{"line":16,"column":20}},"loc":{"start":{"line":16,"column":34},"end":{"line":22,"column":3}},"line":16},"2":{"name":"(anonymous_2)","decl":{"start":{"line":26,"column":22},"end":{"line":26,"column":23}},"loc":{"start":{"line":26,"column":36},"end":{"line":43,"column":1}},"line":26},"3":{"name":"(anonymous_3)","decl":{"start":{"line":36,"column":153},"end":{"line":36,"column":154}},"loc":{"start":{"line":36,"column":167},"end":{"line":42,"column":3}},"line":36}},"branchMap":{"0":{"loc":{"start":{"line":17,"column":4},"end":{"line":20,"column":5}},"type":"if","locations":[{"start":{"line":17,"column":4},"end":{"line":20,"column":5}},{"start":{},"end":{}}],"line":17},"1":{"loc":{"start":{"line":30,"column":2},"end":{"line":32,"column":3}},"type":"if","locations":[{"start":{"line":30,"column":2},"end":{"line":32,"column":3}},{"start":{},"end":{}}],"line":30},"2":{"loc":{"start":{"line":30,"column":6},"end":{"line":30,"column":25}},"type":"binary-expr","locations":[{"start":{"line":30,"column":6},"end":{"line":30,"column":13}},{"start":{"line":30,"column":17},"end":{"line":30,"column":25}}],"line":30},"3":{"loc":{"start":{"line":37,"column":4},"end":{"line":40,"column":5}},"type":"if","locations":[{"start":{"line":37,"column":4},"end":{"line":40,"column":5}},{"start":{},"end":{}}],"line":37}},"s":{"0":4,"1":4,"2":3,"3":3,"4":3,"5":1,"6":1,"7":2,"8":4,"9":3,"10":3,"11":1,"12":2,"13":2,"14":2,"15":1,"16":1,"17":1},"f":{"0":3,"1":3,"2":3,"3":2},"b":{"0":[1,2],"1":[1,2],"2":[3,2],"3":[1,1]},"_coverageSchema":"1a1c01bbd47fc00a2c39e90264f33305004495a9","hash":"b96cb80242ffaad9d219ee4f9bb7d6779c67d296"}
,"/Users/varungupta/Developer/Academic/CS520/study-app_cs520/backend/src/controllers/projectController.js": {"path":"/Users/varungupta/Developer/Academic/CS520/study-app_cs520/backend/src/controllers/projectController.js","statementMap":{"0":{"start":{"line":3,"column":0},"end":{"line":5,"column":2}},"1":{"start":{"line":4,"column":2},"end":{"line":4,"column":44}},"2":{"start":{"line":9,"column":0},"end":{"line":11,"column":2}},"3":{"start":{"line":10,"column":2},"end":{"line":10,"column":51}},"4":{"start":{"line":15,"column":0},"end":{"line":17,"column":2}},"5":{"start":{"line":16,"column":2},"end":{"line":16,"column":55}}},"fnMap":{"0":{"name":"(anonymous_0)","decl":{"start":{"line":3,"column":22},"end":{"line":3,"column":23}},"loc":{"start":{"line":3,"column":36},"end":{"line":5,"column":1}},"line":3},"1":{"name":"(anonymous_1)","decl":{"start":{"line":9,"column":28},"end":{"line":9,"column":29}},"loc":{"start":{"line":9,"column":42},"end":{"line":11,"column":1}},"line":9},"2":{"name":"(anonymous_2)","decl":{"start":{"line":15,"column":32},"end":{"line":15,"column":33}},"loc":{"start":{"line":15,"column":46},"end":{"line":17,"column":1}},"line":15}},"branchMap":{},"s":{"0":4,"1":0,"2":4,"3":0,"4":4,"5":0},"f":{"0":0,"1":0,"2":0},"b":{},"_coverageSchema":"1a1c01bbd47fc00a2c39e90264f33305004495a9","hash":"0fd9bafbcdc0d733fbb70a6605364b9e734937ef"}
,"/Users/varungupta/Developer/Academic/CS520/study-app_cs520/backend/src/controllers/quizControllers.js": {"path":"/Users/varungupta/Developer/Academic/CS520/study-app_cs520/backend/src/controllers/quizControllers.js","statementMap":{"0":{"start":{"line":2,"column":11},"end":{"line":2,"column":33}},"1":{"start":{"line":15,"column":22},"end":{"line":40,"column":1}},"2":{"start":{"line":16,"column":36},"end":{"line":16,"column":44}},"3":{"start":{"line":19,"column":2},"end":{"line":21,"column":3}},"4":{"start":{"line":20,"column":4},"end":{"line":20,"column":93}},"5":{"start":{"line":23,"column":16},"end":{"line":26,"column":3}},"6":{"start":{"line":28,"column":2},"end":{"line":39,"column":5}},"7":{"start":{"line":29,"column":4},"end":{"line":32,"column":5}},"8":{"start":{"line":30,"column":6},"end":{"line":30,"column":53}},"9":{"start":{"line":31,"column":6},"end":{"line":31,"column":74}},"10":{"start":{"line":35,"column":4},"end":{"line":38,"column":7}},"11":{"start":{"line":52,"column":22},"end":{"line":83,"column":1}},"12":{"start":{"line":53,"column":21},"end":{"line":53,"column":31}},"13":{"start":{"line":55,"column":16},"end":{"line":69,"column":3}},"14":{"start":{"line":71,"column":2},"end":{"line":82,"column":5}},"15":{"start":{"line":72,"column":4},"end":{"line":75,"column":5}},"16":{"start":{"line":73,"column":6},"end":{"line":73,"column":58}},"17":{"start":{"line":74,"column":6},"end":{"line":74,"column":79}},"18":{"start":{"line":78,"column":4},"end":{"line":81,"column":7}},"19":{"start":{"line":86,"column":0},"end":{"line":89,"column":2}}},"fnMap":{"0":{"name":"(anonymous_0)","decl":{"start":{"line":15,"column":22},"end":{"line":15,"column":23}},"loc":{"start":{"line":15,"column":36},"end":{"line":40,"column":1}},"line":15},"1":{"name":"(anonymous_1)","decl":{"start":{"line":28,"column":41},"end":{"line":28,"column":42}},"loc":{"start":{"line":28,"column":56},"end":{"line":39,"column":3}},"line":28},"2":{"name":"(anonymous_2)","decl":{"start":{"line":52,"column":22},"end":{"line":52,"column":23}},"loc":{"start":{"line":52,"column":36},"end":{"line":83,"column":1}},"line":52},"3":{"name":"(anonymous_3)","decl":{"start":{"line":71,"column":26},"end":{"line":71,"column":27}},"loc":{"start":{"line":71,"column":41},"end":{"line":82,"column":3}},"line":71}},"branchMap":{"0":{"loc":{"start":{"line":19,"column":2},"end":{"line":21,"column":3}},"type":"if","locations":[{"start":{"line":19,"column":2},"end":{"line":21,"column":3}},{"start":{},"end":{}}],"line":19},"1":{"loc":{"start":{"line":19,"column":6},"end":{"line":19,"column":56}},"type":"binary-expr","locations":[{"start":{"line":19,"column":6},"end":{"line":19,"column":13}},{"start":{"line":19,"column":17},"end":{"line":19,"column":24}},{"start":{"line":19,"column":28},"end":{"line":19,"column":56}}],"line":19},"2":{"loc":{"start":{"line":29,"column":4},"end":{"line":32,"column":5}},"type":"if","locations":[{"start":{"line":29,"column":4},"end":{"line":32,"column":5}},{"start":{},"end":{}}],"line":29},"3":{"loc":{"start":{"line":72,"column":4},"end":{"line":75,"column":5}},"type":"if","locations":[{"start":{"line":72,"column":4},"end":{"line":75,"column":5}},{"start":{},"end":{}}],"line":72}},"s":{"0":4,"1":4,"2":0,"3":0,"4":0,"5":0,"6":0,"7":0,"8":0,"9":0,"10":0,"11":4,"12":0,"13":0,"14":0,"15":0,"16":0,"17":0,"18":0,"19":4},"f":{"0":0,"1":0,"2":0,"3":0},"b":{"0":[0,0],"1":[0,0,0],"2":[0,0],"3":[0,0]},"_coverageSchema":"1a1c01bbd47fc00a2c39e90264f33305004495a9","hash":"f76c84fcb7447b8485d98ec4e3b9f54573972b72"}
,"/Users/varungupta/Developer/Academic/CS520/study-app_cs520/backend/src/controllers/shareControllers.js": {"path":"/Users/varungupta/Developer/Academic/CS520/study-app_cs520/backend/src/controllers/shareControllers.js","statementMap":{"0":{"start":{"line":1,"column":11},"end":{"line":1,"column":33}},"1":{"start":{"line":14,"column":22},"end":{"line":48,"column":1}},"2":{"start":{"line":15,"column":61},"end":{"line":15,"column":69}},"3":{"start":{"line":18,"column":2},"end":{"line":47,"column":5}},"4":{"start":{"line":19,"column":4},"end":{"line":22,"column":5}},"5":{"start":{"line":20,"column":6},"end":{"line":20,"column":25}},"6":{"start":{"line":21,"column":6},"end":{"line":21,"column":58}},"7":{"start":{"line":24,"column":4},"end":{"line":26,"column":5}},"8":{"start":{"line":25,"column":6},"end":{"line":25,"column":53}},"9":{"start":{"line":28,"column":29},"end":{"line":28,"column":36}},"10":{"start":{"line":30,"column":18},"end":{"line":33,"column":5}},"11":{"start":{"line":36,"column":4},"end":{"line":46,"column":7}},"12":{"start":{"line":37,"column":6},"end":{"line":45,"column":7}},"13":{"start":{"line":38,"column":8},"end":{"line":42,"column":9}},"14":{"start":{"line":39,"column":10},"end":{"line":39,"column":86}},"15":{"start":{"line":41,"column":10},"end":{"line":41,"column":70}},"16":{"start":{"line":44,"column":8},"end":{"line":44,"column":76}},"17":{"start":{"line":60,"column":27},"end":{"line":78,"column":1}},"18":{"start":{"line":61,"column":21},"end":{"line":61,"column":31}},"19":{"start":{"line":63,"column":16},"end":{"line":69,"column":3}},"20":{"start":{"line":71,"column":2},"end":{"line":77,"column":5}},"21":{"start":{"line":72,"column":4},"end":{"line":76,"column":5}},"22":{"start":{"line":73,"column":6},"end":{"line":73,"column":75}},"23":{"start":{"line":75,"column":6},"end":{"line":75,"column":33}},"24":{"start":{"line":90,"column":21},"end":{"line":105,"column":1}},"25":{"start":{"line":91,"column":43},"end":{"line":91,"column":51}},"26":{"start":{"line":93,"column":16},"end":{"line":96,"column":3}},"27":{"start":{"line":98,"column":2},"end":{"line":104,"column":5}},"28":{"start":{"line":99,"column":4},"end":{"line":103,"column":5}},"29":{"start":{"line":100,"column":6},"end":{"line":100,"column":63}},"30":{"start":{"line":102,"column":6},"end":{"line":102,"column":72}},"31":{"start":{"line":108,"column":0},"end":{"line":112,"column":2}}},"fnMap":{"0":{"name":"(anonymous_0)","decl":{"start":{"line":14,"column":22},"end":{"line":14,"column":23}},"loc":{"start":{"line":14,"column":36},"end":{"line":48,"column":1}},"line":14},"1":{"name":"(anonymous_1)","decl":{"start":{"line":18,"column":73},"end":{"line":18,"column":74}},"loc":{"start":{"line":18,"column":94},"end":{"line":47,"column":3}},"line":18},"2":{"name":"(anonymous_2)","decl":{"start":{"line":36,"column":66},"end":{"line":36,"column":67}},"loc":{"start":{"line":36,"column":75},"end":{"line":46,"column":5}},"line":36},"3":{"name":"(anonymous_3)","decl":{"start":{"line":60,"column":27},"end":{"line":60,"column":28}},"loc":{"start":{"line":60,"column":41},"end":{"line":78,"column":1}},"line":60},"4":{"name":"(anonymous_4)","decl":{"start":{"line":71,"column":26},"end":{"line":71,"column":27}},"loc":{"start":{"line":71,"column":41},"end":{"line":77,"column":3}},"line":71},"5":{"name":"(anonymous_5)","decl":{"start":{"line":90,"column":21},"end":{"line":90,"column":22}},"loc":{"start":{"line":90,"column":35},"end":{"line":105,"column":1}},"line":90},"6":{"name":"(anonymous_6)","decl":{"start":{"line":98,"column":48},"end":{"line":98,"column":49}},"loc":{"start":{"line":98,"column":57},"end":{"line":104,"column":3}},"line":98}},"branchMap":{"0":{"loc":{"start":{"line":19,"column":4},"end":{"line":22,"column":5}},"type":"if","locations":[{"start":{"line":19,"column":4},"end":{"line":22,"column":5}},{"start":{},"end":{}}],"line":19},"1":{"loc":{"start":{"line":24,"column":4},"end":{"line":26,"column":5}},"type":"if","locations":[{"start":{"line":24,"column":4},"end":{"line":26,"column":5}},{"start":{},"end":{}}],"line":24},"2":{"loc":{"start":{"line":37,"column":6},"end":{"line":45,"column":7}},"type":"if","locations":[{"start":{"line":37,"column":6},"end":{"line":45,"column":7}},{"start":{"line":43,"column":13},"end":{"line":45,"column":7}}],"line":37},"3":{"loc":{"start":{"line":38,"column":8},"end":{"line":42,"column":9}},"type":"if","locations":[{"start":{"line":38,"column":8},"end":{"line":42,"column":9}},{"start":{"line":40,"column":15},"end":{"line":42,"column":9}}],"line":38},"4":{"loc":{"start":{"line":72,"column":4},"end":{"line":76,"column":5}},"type":"if","locations":[{"start":{"line":72,"column":4},"end":{"line":76,"column":5}},{"start":{"line":74,"column":11},"end":{"line":76,"column":5}}],"line":72},"5":{"loc":{"start":{"line":99,"column":4},"end":{"line":103,"column":5}},"type":"if","locations":[{"start":{"line":99,"column":4},"end":{"line":103,"column":5}},{"start":{"line":101,"column":11},"end":{"line":103,"column":5}}],"line":99}},"s":{"0":4,"1":4,"2":1,"3":1,"4":1,"5":0,"6":0,"7":1,"8":1,"9":0,"10":0,"11":0,"12":0,"13":0,"14":0,"15":0,"16":0,"17":4,"18":0,"19":0,"20":0,"21":0,"22":0,"23":0,"24":4,"25":1,"26":1,"27":1,"28":1,"29":0,"30":1,"31":4},"f":{"0":1,"1":1,"2":0,"3":0,"4":0,"5":1,"6":1},"b":{"0":[0,1],"1":[1,0],"2":[0,0],"3":[0,0],"4":[0,0],"5":[0,1]},"_coverageSchema":"1a1c01bbd47fc00a2c39e90264f33305004495a9","hash":"57824c189cbcc624c6f3f1429ce4e22959f7ef62"}
,"/Users/varungupta/Developer/Academic/CS520/study-app_cs520/backend/src/controllers/studyControllers.js": {"path":"/Users/varungupta/Developer/Academic/CS520/study-app_cs520/backend/src/controllers/studyControllers.js","statementMap":{"0":{"start":{"line":2,"column":11},"end":{"line":2,"column":33}},"1":{"start":{"line":3,"column":13},"end":{"line":3,"column":28}},"2":{"start":{"line":4,"column":11},"end":{"line":4,"column":24}},"3":{"start":{"line":5,"column":15},"end":{"line":5,"column":65}},"4":{"start":{"line":11,"column":25},"end":{"line":13,"column":1}},"5":{"start":{"line":12,"column":2},"end":{"line":12,"column":30}},"6":{"start":{"line":19,"column":26},"end":{"line":21,"column":1}},"7":{"start":{"line":20,"column":2},"end":{"line":20,"column":19}},"8":{"start":{"line":27,"column":28},"end":{"line":29,"column":1}},"9":{"start":{"line":28,"column":2},"end":{"line":28,"column":21}},"10":{"start":{"line":40,"column":30},"end":{"line":44,"column":1}},"11":{"start":{"line":41,"column":20},"end":{"line":41,"column":84}},"12":{"start":{"line":42,"column":2},"end":{"line":42,"column":47}},"13":{"start":{"line":43,"column":2},"end":{"line":43,"column":19}},"14":{"start":{"line":54,"column":33},"end":{"line":65,"column":1}},"15":{"start":{"line":55,"column":2},"end":{"line":64,"column":5}},"16":{"start":{"line":56,"column":26},"end":{"line":56,"column":61}},"17":{"start":{"line":57,"column":4},"end":{"line":63,"column":7}},"18":{"start":{"line":58,"column":6},"end":{"line":62,"column":7}},"19":{"start":{"line":59,"column":8},"end":{"line":59,"column":55}},"20":{"start":{"line":61,"column":8},"end":{"line":61,"column":31}},"21":{"start":{"line":75,"column":27},"end":{"line":89,"column":1}},"22":{"start":{"line":76,"column":2},"end":{"line":88,"column":5}},"23":{"start":{"line":77,"column":4},"end":{"line":87,"column":6}},"24":{"start":{"line":81,"column":8},"end":{"line":85,"column":9}},"25":{"start":{"line":82,"column":10},"end":{"line":82,"column":74}},"26":{"start":{"line":84,"column":10},"end":{"line":84,"column":20}},"27":{"start":{"line":104,"column":23},"end":{"line":169,"column":1}},"28":{"start":{"line":105,"column":40},"end":{"line":105,"column":48}},"29":{"start":{"line":107,"column":2},"end":{"line":109,"column":3}},"30":{"start":{"line":108,"column":4},"end":{"line":108,"column":87}},"31":{"start":{"line":111,"column":27},"end":{"line":111,"column":51}},"32":{"start":{"line":113,"column":2},"end":{"line":113,"column":21}},"33":{"start":{"line":115,"column":2},"end":{"line":168,"column":4}},"34":{"start":{"line":119,"column":6},"end":{"line":123,"column":7}},"35":{"start":{"line":120,"column":8},"end":{"line":120,"column":30}},"36":{"start":{"line":121,"column":8},"end":{"line":121,"column":56}},"37":{"start":{"line":122,"column":8},"end":{"line":122,"column":76}},"38":{"start":{"line":125,"column":25},"end":{"line":125,"column":36}},"39":{"start":{"line":126,"column":24},"end":{"line":126,"column":65}},"40":{"start":{"line":128,"column":6},"end":{"line":137,"column":7}},"41":{"start":{"line":129,"column":8},"end":{"line":129,"column":28}},"42":{"start":{"line":130,"column":8},"end":{"line":136,"column":11}},"43":{"start":{"line":139,"column":27},"end":{"line":146,"column":8}},"44":{"start":{"line":140,"column":8},"end":{"line":145,"column":13}},"45":{"start":{"line":141,"column":35},"end":{"line":141,"column":80}},"46":{"start":{"line":143,"column":12},"end":{"line":143,"column":31}},"47":{"start":{"line":144,"column":12},"end":{"line":144,"column":22}},"48":{"start":{"line":148,"column":6},"end":{"line":166,"column":11}},"49":{"start":{"line":150,"column":10},"end":{"line":150,"column":30}},"50":{"start":{"line":151,"column":10},"end":{"line":160,"column":13}},"51":{"start":{"line":156,"column":44},"end":{"line":159,"column":13}},"52":{"start":{"line":163,"column":10},"end":{"line":163,"column":32}},"53":{"start":{"line":164,"column":10},"end":{"line":164,"column":53}},"54":{"start":{"line":165,"column":10},"end":{"line":165,"column":68}},"55":{"start":{"line":182,"column":24},"end":{"line":196,"column":1}},"56":{"start":{"line":183,"column":21},"end":{"line":183,"column":30}},"57":{"start":{"line":185,"column":2},"end":{"line":187,"column":3}},"58":{"start":{"line":186,"column":4},"end":{"line":186,"column":67}},"59":{"start":{"line":189,"column":16},"end":{"line":189,"column":60}},"60":{"start":{"line":190,"column":2},"end":{"line":195,"column":5}},"61":{"start":{"line":191,"column":4},"end":{"line":193,"column":5}},"62":{"start":{"line":192,"column":6},"end":{"line":192,"column":75}},"63":{"start":{"line":194,"column":4},"end":{"line":194,"column":19}},"64":{"start":{"line":210,"column":28},"end":{"line":221,"column":1}},"65":{"start":{"line":211,"column":29},"end":{"line":211,"column":39}},"66":{"start":{"line":214,"column":2},"end":{"line":220,"column":5}},"67":{"start":{"line":216,"column":4},"end":{"line":218,"column":5}},"68":{"start":{"line":217,"column":6},"end":{"line":217,"column":70}},"69":{"start":{"line":219,"column":4},"end":{"line":219,"column":19}},"70":{"start":{"line":235,"column":27},"end":{"line":271,"column":1}},"71":{"start":{"line":236,"column":29},"end":{"line":236,"column":39}},"72":{"start":{"line":239,"column":2},"end":{"line":270,"column":5}},"73":{"start":{"line":241,"column":4},"end":{"line":243,"column":5}},"74":{"start":{"line":242,"column":6},"end":{"line":242,"column":82}},"75":{"start":{"line":245,"column":4},"end":{"line":247,"column":5}},"76":{"start":{"line":246,"column":6},"end":{"line":246,"column":69}},"77":{"start":{"line":250,"column":4},"end":{"line":269,"column":7}},"78":{"start":{"line":252,"column":6},"end":{"line":254,"column":7}},"79":{"start":{"line":253,"column":8},"end":{"line":253,"column":82}},"80":{"start":{"line":257,"column":6},"end":{"line":268,"column":9}},"81":{"start":{"line":264,"column":36},"end":{"line":267,"column":9}},"82":{"start":{"line":286,"column":23},"end":{"line":353,"column":1}},"83":{"start":{"line":287,"column":32},"end":{"line":287,"column":40}},"84":{"start":{"line":288,"column":29},"end":{"line":288,"column":39}},"85":{"start":{"line":291,"column":2},"end":{"line":293,"column":3}},"86":{"start":{"line":292,"column":4},"end":{"line":292,"column":82}},"87":{"start":{"line":295,"column":27},"end":{"line":295,"column":51}},"88":{"start":{"line":297,"column":2},"end":{"line":297,"column":21}},"89":{"start":{"line":300,"column":2},"end":{"line":352,"column":4}},"90":{"start":{"line":305,"column":6},"end":{"line":309,"column":7}},"91":{"start":{"line":306,"column":8},"end":{"line":306,"column":30}},"92":{"start":{"line":307,"column":8},"end":{"line":307,"column":56}},"93":{"start":{"line":308,"column":8},"end":{"line":308,"column":76}},"94":{"start":{"line":312,"column":6},"end":{"line":315,"column":7}},"95":{"start":{"line":313,"column":8},"end":{"line":313,"column":28}},"96":{"start":{"line":314,"column":8},"end":{"line":314,"column":98}},"97":{"start":{"line":318,"column":6},"end":{"line":350,"column":9}},"98":{"start":{"line":320,"column":8},"end":{"line":324,"column":9}},"99":{"start":{"line":321,"column":10},"end":{"line":321,"column":32}},"100":{"start":{"line":322,"column":10},"end":{"line":322,"column":81}},"101":{"start":{"line":323,"column":10},"end":{"line":323,"column":86}},"102":{"start":{"line":327,"column":26},"end":{"line":327,"column":72}},"103":{"start":{"line":330,"column":29},"end":{"line":337,"column":10}},"104":{"start":{"line":331,"column":10},"end":{"line":336,"column":15}},"105":{"start":{"line":332,"column":37},"end":{"line":332,"column":82}},"106":{"start":{"line":334,"column":14},"end":{"line":334,"column":33}},"107":{"start":{"line":335,"column":14},"end":{"line":335,"column":24}},"108":{"start":{"line":340,"column":8},"end":{"line":349,"column":13}},"109":{"start":{"line":342,"column":12},"end":{"line":342,"column":32}},"110":{"start":{"line":343,"column":12},"end":{"line":343,"column":92}},"111":{"start":{"line":346,"column":12},"end":{"line":346,"column":34}},"112":{"start":{"line":347,"column":12},"end":{"line":347,"column":55}},"113":{"start":{"line":348,"column":12},"end":{"line":348,"column":70}},"114":{"start":{"line":370,"column":23},"end":{"line":412,"column":1}},"115":{"start":{"line":371,"column":29},"end":{"line":371,"column":39}},"116":{"start":{"line":374,"column":2},"end":{"line":374,"column":21}},"117":{"start":{"line":377,"column":2},"end":{"line":411,"column":5}},"118":{"start":{"line":378,"column":4},"end":{"line":382,"column":5}},"119":{"start":{"line":379,"column":6},"end":{"line":379,"column":28}},"120":{"start":{"line":380,"column":6},"end":{"line":380,"column":78}},"121":{"start":{"line":381,"column":6},"end":{"line":381,"column":82}},"122":{"start":{"line":385,"column":24},"end":{"line":385,"column":93}},"123":{"start":{"line":388,"column":4},"end":{"line":410,"column":7}},"124":{"start":{"line":389,"column":6},"end":{"line":393,"column":7}},"125":{"start":{"line":390,"column":8},"end":{"line":390,"column":30}},"126":{"start":{"line":391,"column":8},"end":{"line":391,"column":52}},"127":{"start":{"line":392,"column":8},"end":{"line":392,"column":72}},"128":{"start":{"line":396,"column":6},"end":{"line":409,"column":9}},"129":{"start":{"line":397,"column":8},"end":{"line":401,"column":9}},"130":{"start":{"line":398,"column":10},"end":{"line":398,"column":32}},"131":{"start":{"line":399,"column":10},"end":{"line":399,"column":58}},"132":{"start":{"line":400,"column":10},"end":{"line":400,"column":78}},"133":{"start":{"line":404,"column":8},"end":{"line":404,"column":65}},"134":{"start":{"line":407,"column":8},"end":{"line":407,"column":28}},"135":{"start":{"line":408,"column":8},"end":{"line":408,"column":77}},"136":{"start":{"line":421,"column":29},"end":{"line":431,"column":1}},"137":{"start":{"line":422,"column":2},"end":{"line":430,"column":5}},"138":{"start":{"line":423,"column":4},"end":{"line":429,"column":7}},"139":{"start":{"line":424,"column":6},"end":{"line":428,"column":7}},"140":{"start":{"line":425,"column":8},"end":{"line":425,"column":69}},"141":{"start":{"line":427,"column":8},"end":{"line":427,"column":18}},"142":{"start":{"line":440,"column":25},"end":{"line":450,"column":1}},"143":{"start":{"line":441,"column":2},"end":{"line":449,"column":5}},"144":{"start":{"line":442,"column":4},"end":{"line":448,"column":7}},"145":{"start":{"line":443,"column":6},"end":{"line":447,"column":7}},"146":{"start":{"line":444,"column":8},"end":{"line":444,"column":71}},"147":{"start":{"line":446,"column":8},"end":{"line":446,"column":18}},"148":{"start":{"line":460,"column":34},"end":{"line":466,"column":1}},"149":{"start":{"line":461,"column":2},"end":{"line":465,"column":7}},"150":{"start":{"line":462,"column":16},"end":{"line":462,"column":46}},"151":{"start":{"line":464,"column":6},"end":{"line":464,"column":16}},"152":{"start":{"line":482,"column":31},"end":{"line":506,"column":1}},"153":{"start":{"line":483,"column":21},"end":{"line":483,"column":31}},"154":{"start":{"line":485,"column":2},"end":{"line":487,"column":3}},"155":{"start":{"line":486,"column":4},"end":{"line":486,"column":67}},"156":{"start":{"line":489,"column":2},"end":{"line":505,"column":5}},"157":{"start":{"line":490,"column":4},"end":{"line":492,"column":5}},"158":{"start":{"line":491,"column":6},"end":{"line":491,"column":88}},"159":{"start":{"line":493,"column":4},"end":{"line":495,"column":5}},"160":{"start":{"line":494,"column":6},"end":{"line":494,"column":64}},"161":{"start":{"line":497,"column":4},"end":{"line":504,"column":9}},"162":{"start":{"line":499,"column":8},"end":{"line":499,"column":72}},"163":{"start":{"line":502,"column":8},"end":{"line":502,"column":53}},"164":{"start":{"line":503,"column":8},"end":{"line":503,"column":64}},"165":{"start":{"line":519,"column":34},"end":{"line":529,"column":1}},"166":{"start":{"line":520,"column":29},"end":{"line":520,"column":39}},"167":{"start":{"line":522,"column":2},"end":{"line":528,"column":5}},"168":{"start":{"line":523,"column":4},"end":{"line":526,"column":5}},"169":{"start":{"line":524,"column":6},"end":{"line":524,"column":57}},"170":{"start":{"line":525,"column":6},"end":{"line":525,"column":77}},"171":{"start":{"line":527,"column":4},"end":{"line":527,"column":19}},"172":{"start":{"line":544,"column":25},"end":{"line":583,"column":1}},"173":{"start":{"line":545,"column":29},"end":{"line":545,"column":39}},"174":{"start":{"line":547,"column":2},"end":{"line":582,"column":5}},"175":{"start":{"line":548,"column":4},"end":{"line":551,"column":5}},"176":{"start":{"line":549,"column":6},"end":{"line":549,"column":50}},"177":{"start":{"line":550,"column":6},"end":{"line":550,"column":70}},"178":{"start":{"line":553,"column":4},"end":{"line":555,"column":5}},"179":{"start":{"line":554,"column":6},"end":{"line":554,"column":88}},"180":{"start":{"line":557,"column":22},"end":{"line":557,"column":52}},"181":{"start":{"line":557,"column":38},"end":{"line":557,"column":51}},"182":{"start":{"line":559,"column":4},"end":{"line":581,"column":9}},"183":{"start":{"line":561,"column":8},"end":{"line":576,"column":10}},"184":{"start":{"line":565,"column":12},"end":{"line":568,"column":13}},"185":{"start":{"line":566,"column":14},"end":{"line":566,"column":62}},"186":{"start":{"line":567,"column":14},"end":{"line":567,"column":82}},"187":{"start":{"line":570,"column":12},"end":{"line":574,"column":15}},"188":{"start":{"line":579,"column":8},"end":{"line":579,"column":60}},"189":{"start":{"line":580,"column":8},"end":{"line":580,"column":71}},"190":{"start":{"line":596,"column":25},"end":{"line":613,"column":1}},"191":{"start":{"line":597,"column":38},"end":{"line":597,"column":48}},"192":{"start":{"line":599,"column":2},"end":{"line":612,"column":4}},"193":{"start":{"line":603,"column":6},"end":{"line":606,"column":7}},"194":{"start":{"line":604,"column":8},"end":{"line":604,"column":58}},"195":{"start":{"line":605,"column":8},"end":{"line":605,"column":78}},"196":{"start":{"line":607,"column":6},"end":{"line":609,"column":7}},"197":{"start":{"line":608,"column":8},"end":{"line":608,"column":73}},"198":{"start":{"line":610,"column":6},"end":{"line":610,"column":65}},"199":{"start":{"line":626,"column":30},"end":{"line":636,"column":1}},"200":{"start":{"line":627,"column":29},"end":{"line":627,"column":39}},"201":{"start":{"line":629,"column":2},"end":{"line":635,"column":5}},"202":{"start":{"line":630,"column":4},"end":{"line":633,"column":5}},"203":{"start":{"line":631,"column":6},"end":{"line":631,"column":57}},"204":{"start":{"line":632,"column":6},"end":{"line":632,"column":77}},"205":{"start":{"line":634,"column":4},"end":{"line":634,"column":19}},"206":{"start":{"line":649,"column":27},"end":{"line":659,"column":1}},"207":{"start":{"line":650,"column":25},"end":{"line":650,"column":35}},"208":{"start":{"line":652,"column":2},"end":{"line":658,"column":5}},"209":{"start":{"line":653,"column":4},"end":{"line":656,"column":5}},"210":{"start":{"line":654,"column":6},"end":{"line":654,"column":57}},"211":{"start":{"line":655,"column":6},"end":{"line":655,"column":77}},"212":{"start":{"line":657,"column":4},"end":{"line":657,"column":19}},"213":{"start":{"line":674,"column":19},"end":{"line":719,"column":1}},"214":{"start":{"line":675,"column":29},"end":{"line":675,"column":39}},"215":{"start":{"line":676,"column":44},"end":{"line":676,"column":52}},"216":{"start":{"line":679,"column":2},"end":{"line":718,"column":5}},"217":{"start":{"line":680,"column":4},"end":{"line":683,"column":5}},"218":{"start":{"line":681,"column":6},"end":{"line":681,"column":50}},"219":{"start":{"line":682,"column":6},"end":{"line":682,"column":70}},"220":{"start":{"line":685,"column":4},"end":{"line":687,"column":5}},"221":{"start":{"line":686,"column":6},"end":{"line":686,"column":88}},"222":{"start":{"line":690,"column":22},"end":{"line":690,"column":52}},"223":{"start":{"line":690,"column":38},"end":{"line":690,"column":51}},"224":{"start":{"line":693,"column":4},"end":{"line":717,"column":9}},"225":{"start":{"line":696,"column":8},"end":{"line":712,"column":10}},"226":{"start":{"line":700,"column":12},"end":{"line":703,"column":13}},"227":{"start":{"line":701,"column":14},"end":{"line":701,"column":55}},"228":{"start":{"line":702,"column":14},"end":{"line":702,"column":75}},"229":{"start":{"line":706,"column":12},"end":{"line":710,"column":15}},"230":{"start":{"line":715,"column":8},"end":{"line":715,"column":53}},"231":{"start":{"line":716,"column":8},"end":{"line":716,"column":64}},"232":{"start":{"line":732,"column":19},"end":{"line":743,"column":1}},"233":{"start":{"line":733,"column":37},"end":{"line":733,"column":47}},"234":{"start":{"line":735,"column":2},"end":{"line":742,"column":5}},"235":{"start":{"line":737,"column":4},"end":{"line":739,"column":5}},"236":{"start":{"line":738,"column":6},"end":{"line":738,"column":69}},"237":{"start":{"line":741,"column":4},"end":{"line":741,"column":68}},"238":{"start":{"line":758,"column":24},"end":{"line":803,"column":1}},"239":{"start":{"line":759,"column":29},"end":{"line":759,"column":39}},"240":{"start":{"line":760,"column":19},"end":{"line":760,"column":27}},"241":{"start":{"line":763,"column":2},"end":{"line":802,"column":5}},"242":{"start":{"line":764,"column":4},"end":{"line":767,"column":5}},"243":{"start":{"line":765,"column":6},"end":{"line":765,"column":50}},"244":{"start":{"line":766,"column":6},"end":{"line":766,"column":70}},"245":{"start":{"line":769,"column":4},"end":{"line":771,"column":5}},"246":{"start":{"line":770,"column":6},"end":{"line":770,"column":88}},"247":{"start":{"line":774,"column":22},"end":{"line":774,"column":52}},"248":{"start":{"line":774,"column":38},"end":{"line":774,"column":51}},"249":{"start":{"line":777,"column":4},"end":{"line":801,"column":9}},"250":{"start":{"line":780,"column":8},"end":{"line":796,"column":10}},"251":{"start":{"line":784,"column":12},"end":{"line":787,"column":13}},"252":{"start":{"line":785,"column":14},"end":{"line":785,"column":61}},"253":{"start":{"line":786,"column":14},"end":{"line":786,"column":81}},"254":{"start":{"line":790,"column":12},"end":{"line":794,"column":15}},"255":{"start":{"line":799,"column":8},"end":{"line":799,"column":59}},"256":{"start":{"line":800,"column":8},"end":{"line":800,"column":70}},"257":{"start":{"line":816,"column":33},"end":{"line":826,"column":1}},"258":{"start":{"line":817,"column":29},"end":{"line":817,"column":39}},"259":{"start":{"line":819,"column":2},"end":{"line":825,"column":5}},"260":{"start":{"line":820,"column":4},"end":{"line":823,"column":5}},"261":{"start":{"line":821,"column":6},"end":{"line":821,"column":56}},"262":{"start":{"line":822,"column":6},"end":{"line":822,"column":76}},"263":{"start":{"line":824,"column":4},"end":{"line":824,"column":19}},"264":{"start":{"line":839,"column":24},"end":{"line":852,"column":1}},"265":{"start":{"line":840,"column":37},"end":{"line":840,"column":47}},"266":{"start":{"line":842,"column":2},"end":{"line":851,"column":5}},"267":{"start":{"line":843,"column":4},"end":{"line":846,"column":5}},"268":{"start":{"line":844,"column":6},"end":{"line":844,"column":55}},"269":{"start":{"line":845,"column":6},"end":{"line":845,"column":75}},"270":{"start":{"line":847,"column":4},"end":{"line":849,"column":5}},"271":{"start":{"line":848,"column":6},"end":{"line":848,"column":70}},"272":{"start":{"line":850,"column":4},"end":{"line":850,"column":62}},"273":{"start":{"line":855,"column":0},"end":{"line":873,"column":2}}},"fnMap":{"0":{"name":"(anonymous_0)","decl":{"start":{"line":11,"column":25},"end":{"line":11,"column":26}},"loc":{"start":{"line":11,"column":31},"end":{"line":13,"column":1}},"line":11},"1":{"name":"(anonymous_1)","decl":{"start":{"line":19,"column":26},"end":{"line":19,"column":27}},"loc":{"start":{"line":19,"column":32},"end":{"line":21,"column":1}},"line":19},"2":{"name":"(anonymous_2)","decl":{"start":{"line":27,"column":28},"end":{"line":27,"column":29}},"loc":{"start":{"line":27,"column":34},"end":{"line":29,"column":1}},"line":27},"3":{"name":"(anonymous_3)","decl":{"start":{"line":40,"column":30},"end":{"line":40,"column":31}},"loc":{"start":{"line":40,"column":54},"end":{"line":44,"column":1}},"line":40},"4":{"name":"(anonymous_4)","decl":{"start":{"line":54,"column":33},"end":{"line":54,"column":34}},"loc":{"start":{"line":54,"column":54},"end":{"line":65,"column":1}},"line":54},"5":{"name":"(anonymous_5)","decl":{"start":{"line":55,"column":21},"end":{"line":55,"column":22}},"loc":{"start":{"line":55,"column":42},"end":{"line":64,"column":3}},"line":55},"6":{"name":"(anonymous_6)","decl":{"start":{"line":57,"column":40},"end":{"line":57,"column":41}},"loc":{"start":{"line":57,"column":49},"end":{"line":63,"column":5}},"line":57},"7":{"name":"(anonymous_7)","decl":{"start":{"line":75,"column":27},"end":{"line":75,"column":28}},"loc":{"start":{"line":75,"column":53},"end":{"line":89,"column":1}},"line":75},"8":{"name":"(anonymous_8)","decl":{"start":{"line":76,"column":21},"end":{"line":76,"column":22}},"loc":{"start":{"line":76,"column":42},"end":{"line":88,"column":3}},"line":76},"9":{"name":"(anonymous_9)","decl":{"start":{"line":80,"column":6},"end":{"line":80,"column":7}},"loc":{"start":{"line":80,"column":21},"end":{"line":86,"column":7}},"line":80},"10":{"name":"(anonymous_10)","decl":{"start":{"line":104,"column":23},"end":{"line":104,"column":24}},"loc":{"start":{"line":104,"column":37},"end":{"line":169,"column":1}},"line":104},"11":{"name":"(anonymous_11)","decl":{"start":{"line":118,"column":4},"end":{"line":118,"column":5}},"loc":{"start":{"line":118,"column":19},"end":{"line":167,"column":5}},"line":118},"12":{"name":"(anonymous_12)","decl":{"start":{"line":139,"column":41},"end":{"line":139,"column":42}},"loc":{"start":{"line":139,"column":51},"end":{"line":146,"column":7}},"line":139},"13":{"name":"(anonymous_13)","decl":{"start":{"line":141,"column":16},"end":{"line":141,"column":17}},"loc":{"start":{"line":141,"column":35},"end":{"line":141,"column":80}},"line":141},"14":{"name":"(anonymous_14)","decl":{"start":{"line":142,"column":17},"end":{"line":142,"column":18}},"loc":{"start":{"line":142,"column":26},"end":{"line":145,"column":11}},"line":142},"15":{"name":"(anonymous_15)","decl":{"start":{"line":149,"column":14},"end":{"line":149,"column":15}},"loc":{"start":{"line":149,"column":20},"end":{"line":161,"column":9}},"line":149},"16":{"name":"(anonymous_16)","decl":{"start":{"line":156,"column":33},"end":{"line":156,"column":34}},"loc":{"start":{"line":156,"column":44},"end":{"line":159,"column":13}},"line":156},"17":{"name":"(anonymous_17)","decl":{"start":{"line":162,"column":15},"end":{"line":162,"column":16}},"loc":{"start":{"line":162,"column":26},"end":{"line":166,"column":9}},"line":162},"18":{"name":"(anonymous_18)","decl":{"start":{"line":182,"column":24},"end":{"line":182,"column":25}},"loc":{"start":{"line":182,"column":38},"end":{"line":196,"column":1}},"line":182},"19":{"name":"(anonymous_19)","decl":{"start":{"line":190,"column":26},"end":{"line":190,"column":27}},"loc":{"start":{"line":190,"column":41},"end":{"line":195,"column":3}},"line":190},"20":{"name":"(anonymous_20)","decl":{"start":{"line":210,"column":28},"end":{"line":210,"column":29}},"loc":{"start":{"line":210,"column":42},"end":{"line":221,"column":1}},"line":210},"21":{"name":"(anonymous_21)","decl":{"start":{"line":214,"column":79},"end":{"line":214,"column":80}},"loc":{"start":{"line":214,"column":94},"end":{"line":220,"column":3}},"line":214},"22":{"name":"(anonymous_22)","decl":{"start":{"line":235,"column":27},"end":{"line":235,"column":28}},"loc":{"start":{"line":235,"column":41},"end":{"line":271,"column":1}},"line":235},"23":{"name":"(anonymous_23)","decl":{"start":{"line":239,"column":64},"end":{"line":239,"column":65}},"loc":{"start":{"line":239,"column":83},"end":{"line":270,"column":3}},"line":239},"24":{"name":"(anonymous_24)","decl":{"start":{"line":250,"column":81},"end":{"line":250,"column":82}},"loc":{"start":{"line":250,"column":97},"end":{"line":269,"column":5}},"line":250},"25":{"name":"(anonymous_25)","decl":{"start":{"line":264,"column":25},"end":{"line":264,"column":26}},"loc":{"start":{"line":264,"column":36},"end":{"line":267,"column":9}},"line":264},"26":{"name":"(anonymous_26)","decl":{"start":{"line":286,"column":23},"end":{"line":286,"column":24}},"loc":{"start":{"line":286,"column":37},"end":{"line":353,"column":1}},"line":286},"27":{"name":"(anonymous_27)","decl":{"start":{"line":303,"column":4},"end":{"line":303,"column":5}},"loc":{"start":{"line":303,"column":19},"end":{"line":351,"column":5}},"line":303},"28":{"name":"(anonymous_28)","decl":{"start":{"line":318,"column":74},"end":{"line":318,"column":75}},"loc":{"start":{"line":318,"column":88},"end":{"line":350,"column":7}},"line":318},"29":{"name":"(anonymous_29)","decl":{"start":{"line":330,"column":43},"end":{"line":330,"column":44}},"loc":{"start":{"line":330,"column":53},"end":{"line":337,"column":9}},"line":330},"30":{"name":"(anonymous_30)","decl":{"start":{"line":332,"column":18},"end":{"line":332,"column":19}},"loc":{"start":{"line":332,"column":37},"end":{"line":332,"column":82}},"line":332},"31":{"name":"(anonymous_31)","decl":{"start":{"line":333,"column":19},"end":{"line":333,"column":20}},"loc":{"start":{"line":333,"column":28},"end":{"line":336,"column":13}},"line":333},"32":{"name":"(anonymous_32)","decl":{"start":{"line":341,"column":16},"end":{"line":341,"column":17}},"loc":{"start":{"line":341,"column":22},"end":{"line":344,"column":11}},"line":341},"33":{"name":"(anonymous_33)","decl":{"start":{"line":345,"column":17},"end":{"line":345,"column":18}},"loc":{"start":{"line":345,"column":28},"end":{"line":349,"column":11}},"line":345},"34":{"name":"(anonymous_34)","decl":{"start":{"line":370,"column":23},"end":{"line":370,"column":24}},"loc":{"start":{"line":370,"column":37},"end":{"line":412,"column":1}},"line":370},"35":{"name":"(anonymous_35)","decl":{"start":{"line":377,"column":70},"end":{"line":377,"column":71}},"loc":{"start":{"line":377,"column":84},"end":{"line":411,"column":3}},"line":377},"36":{"name":"(anonymous_36)","decl":{"start":{"line":388,"column":79},"end":{"line":388,"column":80}},"loc":{"start":{"line":388,"column":94},"end":{"line":410,"column":5}},"line":388},"37":{"name":"(anonymous_37)","decl":{"start":{"line":396,"column":66},"end":{"line":396,"column":67}},"loc":{"start":{"line":396,"column":81},"end":{"line":409,"column":7}},"line":396},"38":{"name":"(anonymous_38)","decl":{"start":{"line":421,"column":29},"end":{"line":421,"column":30}},"loc":{"start":{"line":421,"column":43},"end":{"line":431,"column":1}},"line":421},"39":{"name":"(anonymous_39)","decl":{"start":{"line":422,"column":21},"end":{"line":422,"column":22}},"loc":{"start":{"line":422,"column":42},"end":{"line":430,"column":3}},"line":422},"40":{"name":"(anonymous_40)","decl":{"start":{"line":423,"column":24},"end":{"line":423,"column":25}},"loc":{"start":{"line":423,"column":33},"end":{"line":429,"column":5}},"line":423},"41":{"name":"(anonymous_41)","decl":{"start":{"line":440,"column":25},"end":{"line":440,"column":26}},"loc":{"start":{"line":440,"column":37},"end":{"line":450,"column":1}},"line":440},"42":{"name":"(anonymous_42)","decl":{"start":{"line":441,"column":21},"end":{"line":441,"column":22}},"loc":{"start":{"line":441,"column":42},"end":{"line":449,"column":3}},"line":441},"43":{"name":"(anonymous_43)","decl":{"start":{"line":442,"column":65},"end":{"line":442,"column":66}},"loc":{"start":{"line":442,"column":80},"end":{"line":448,"column":5}},"line":442},"44":{"name":"(anonymous_44)","decl":{"start":{"line":460,"column":34},"end":{"line":460,"column":35}},"loc":{"start":{"line":460,"column":56},"end":{"line":466,"column":1}},"line":460},"45":{"name":"(anonymous_45)","decl":{"start":{"line":462,"column":10},"end":{"line":462,"column":11}},"loc":{"start":{"line":462,"column":16},"end":{"line":462,"column":46}},"line":462},"46":{"name":"(anonymous_46)","decl":{"start":{"line":463,"column":11},"end":{"line":463,"column":12}},"loc":{"start":{"line":463,"column":20},"end":{"line":465,"column":5}},"line":463},"47":{"name":"(anonymous_47)","decl":{"start":{"line":482,"column":31},"end":{"line":482,"column":32}},"loc":{"start":{"line":482,"column":45},"end":{"line":506,"column":1}},"line":482},"48":{"name":"(anonymous_48)","decl":{"start":{"line":489,"column":73},"end":{"line":489,"column":74}},"loc":{"start":{"line":489,"column":87},"end":{"line":505,"column":3}},"line":489},"49":{"name":"(anonymous_49)","decl":{"start":{"line":498,"column":12},"end":{"line":498,"column":13}},"loc":{"start":{"line":498,"column":18},"end":{"line":500,"column":7}},"line":498},"50":{"name":"(anonymous_50)","decl":{"start":{"line":501,"column":13},"end":{"line":501,"column":14}},"loc":{"start":{"line":501,"column":24},"end":{"line":504,"column":7}},"line":501},"51":{"name":"(anonymous_51)","decl":{"start":{"line":519,"column":34},"end":{"line":519,"column":35}},"loc":{"start":{"line":519,"column":48},"end":{"line":529,"column":1}},"line":519},"52":{"name":"(anonymous_52)","decl":{"start":{"line":522,"column":76},"end":{"line":522,"column":77}},"loc":{"start":{"line":522,"column":91},"end":{"line":528,"column":3}},"line":522},"53":{"name":"(anonymous_53)","decl":{"start":{"line":544,"column":25},"end":{"line":544,"column":26}},"loc":{"start":{"line":544,"column":39},"end":{"line":583,"column":1}},"line":544},"54":{"name":"(anonymous_54)","decl":{"start":{"line":547,"column":87},"end":{"line":547,"column":88}},"loc":{"start":{"line":547,"column":102},"end":{"line":582,"column":3}},"line":547},"55":{"name":"(anonymous_55)","decl":{"start":{"line":557,"column":31},"end":{"line":557,"column":32}},"loc":{"start":{"line":557,"column":38},"end":{"line":557,"column":51}},"line":557},"56":{"name":"(anonymous_56)","decl":{"start":{"line":560,"column":12},"end":{"line":560,"column":13}},"loc":{"start":{"line":560,"column":28},"end":{"line":577,"column":7}},"line":560},"57":{"name":"(anonymous_57)","decl":{"start":{"line":564,"column":10},"end":{"line":564,"column":11}},"loc":{"start":{"line":564,"column":25},"end":{"line":575,"column":11}},"line":564},"58":{"name":"(anonymous_58)","decl":{"start":{"line":578,"column":13},"end":{"line":578,"column":14}},"loc":{"start":{"line":578,"column":24},"end":{"line":581,"column":7}},"line":578},"59":{"name":"(anonymous_59)","decl":{"start":{"line":596,"column":25},"end":{"line":596,"column":26}},"loc":{"start":{"line":596,"column":39},"end":{"line":613,"column":1}},"line":596},"60":{"name":"(anonymous_60)","decl":{"start":{"line":602,"column":4},"end":{"line":602,"column":5}},"loc":{"start":{"line":602,"column":19},"end":{"line":611,"column":5}},"line":602},"61":{"name":"(anonymous_61)","decl":{"start":{"line":626,"column":30},"end":{"line":626,"column":31}},"loc":{"start":{"line":626,"column":44},"end":{"line":636,"column":1}},"line":626},"62":{"name":"(anonymous_62)","decl":{"start":{"line":629,"column":71},"end":{"line":629,"column":72}},"loc":{"start":{"line":629,"column":86},"end":{"line":635,"column":3}},"line":629},"63":{"name":"(anonymous_63)","decl":{"start":{"line":649,"column":27},"end":{"line":649,"column":28}},"loc":{"start":{"line":649,"column":41},"end":{"line":659,"column":1}},"line":649},"64":{"name":"(anonymous_64)","decl":{"start":{"line":652,"column":68},"end":{"line":652,"column":69}},"loc":{"start":{"line":652,"column":83},"end":{"line":658,"column":3}},"line":652},"65":{"name":"(anonymous_65)","decl":{"start":{"line":674,"column":19},"end":{"line":674,"column":20}},"loc":{"start":{"line":674,"column":33},"end":{"line":719,"column":1}},"line":674},"66":{"name":"(anonymous_66)","decl":{"start":{"line":679,"column":87},"end":{"line":679,"column":88}},"loc":{"start":{"line":679,"column":102},"end":{"line":718,"column":3}},"line":679},"67":{"name":"(anonymous_67)","decl":{"start":{"line":690,"column":31},"end":{"line":690,"column":32}},"loc":{"start":{"line":690,"column":38},"end":{"line":690,"column":51}},"line":690},"68":{"name":"(anonymous_68)","decl":{"start":{"line":694,"column":12},"end":{"line":694,"column":13}},"loc":{"start":{"line":694,"column":28},"end":{"line":713,"column":7}},"line":694},"69":{"name":"(anonymous_69)","decl":{"start":{"line":699,"column":10},"end":{"line":699,"column":11}},"loc":{"start":{"line":699,"column":25},"end":{"line":711,"column":11}},"line":699},"70":{"name":"(anonymous_70)","decl":{"start":{"line":714,"column":13},"end":{"line":714,"column":14}},"loc":{"start":{"line":714,"column":24},"end":{"line":717,"column":7}},"line":714},"71":{"name":"(anonymous_71)","decl":{"start":{"line":732,"column":19},"end":{"line":732,"column":20}},"loc":{"start":{"line":732,"column":33},"end":{"line":743,"column":1}},"line":732},"72":{"name":"(anonymous_72)","decl":{"start":{"line":736,"column":26},"end":{"line":736,"column":27}},"loc":{"start":{"line":736,"column":41},"end":{"line":742,"column":3}},"line":736},"73":{"name":"(anonymous_73)","decl":{"start":{"line":758,"column":24},"end":{"line":758,"column":25}},"loc":{"start":{"line":758,"column":38},"end":{"line":803,"column":1}},"line":758},"74":{"name":"(anonymous_74)","decl":{"start":{"line":763,"column":87},"end":{"line":763,"column":88}},"loc":{"start":{"line":763,"column":102},"end":{"line":802,"column":3}},"line":763},"75":{"name":"(anonymous_75)","decl":{"start":{"line":774,"column":31},"end":{"line":774,"column":32}},"loc":{"start":{"line":774,"column":38},"end":{"line":774,"column":51}},"line":774},"76":{"name":"(anonymous_76)","decl":{"start":{"line":778,"column":12},"end":{"line":778,"column":13}},"loc":{"start":{"line":778,"column":27},"end":{"line":797,"column":7}},"line":778},"77":{"name":"(anonymous_77)","decl":{"start":{"line":783,"column":10},"end":{"line":783,"column":11}},"loc":{"start":{"line":783,"column":25},"end":{"line":795,"column":11}},"line":783},"78":{"name":"(anonymous_78)","decl":{"start":{"line":798,"column":13},"end":{"line":798,"column":14}},"loc":{"start":{"line":798,"column":24},"end":{"line":801,"column":7}},"line":798},"79":{"name":"(anonymous_79)","decl":{"start":{"line":816,"column":33},"end":{"line":816,"column":34}},"loc":{"start":{"line":816,"column":47},"end":{"line":826,"column":1}},"line":816},"80":{"name":"(anonymous_80)","decl":{"start":{"line":819,"column":75},"end":{"line":819,"column":76}},"loc":{"start":{"line":819,"column":90},"end":{"line":825,"column":3}},"line":819},"81":{"name":"(anonymous_81)","decl":{"start":{"line":839,"column":24},"end":{"line":839,"column":25}},"loc":{"start":{"line":839,"column":38},"end":{"line":852,"column":1}},"line":839},"82":{"name":"(anonymous_82)","decl":{"start":{"line":842,"column":92},"end":{"line":842,"column":93}},"loc":{"start":{"line":842,"column":107},"end":{"line":851,"column":3}},"line":842}},"branchMap":{"0":{"loc":{"start":{"line":58,"column":6},"end":{"line":62,"column":7}},"type":"if","locations":[{"start":{"line":58,"column":6},"end":{"line":62,"column":7}},{"start":{"line":60,"column":13},"end":{"line":62,"column":7}}],"line":58},"1":{"loc":{"start":{"line":81,"column":8},"end":{"line":85,"column":9}},"type":"if","locations":[{"start":{"line":81,"column":8},"end":{"line":85,"column":9}},{"start":{"line":83,"column":15},"end":{"line":85,"column":9}}],"line":81},"2":{"loc":{"start":{"line":107,"column":2},"end":{"line":109,"column":3}},"type":"if","locations":[{"start":{"line":107,"column":2},"end":{"line":109,"column":3}},{"start":{},"end":{}}],"line":107},"3":{"loc":{"start":{"line":107,"column":6},"end":{"line":107,"column":22}},"type":"binary-expr","locations":[{"start":{"line":107,"column":6},"end":{"line":107,"column":13}},{"start":{"line":107,"column":17},"end":{"line":107,"column":22}}],"line":107},"4":{"loc":{"start":{"line":117,"column":19},"end":{"line":117,"column":38}},"type":"binary-expr","locations":[{"start":{"line":117,"column":19},"end":{"line":117,"column":30}},{"start":{"line":117,"column":34},"end":{"line":117,"column":38}}],"line":117},"5":{"loc":{"start":{"line":119,"column":6},"end":{"line":123,"column":7}},"type":"if","locations":[{"start":{"line":119,"column":6},"end":{"line":123,"column":7}},{"start":{},"end":{}}],"line":119},"6":{"loc":{"start":{"line":128,"column":6},"end":{"line":137,"column":7}},"type":"if","locations":[{"start":{"line":128,"column":6},"end":{"line":137,"column":7}},{"start":{},"end":{}}],"line":128},"7":{"loc":{"start":{"line":128,"column":10},"end":{"line":128,"column":46}},"type":"binary-expr","locations":[{"start":{"line":128,"column":10},"end":{"line":128,"column":20}},{"start":{"line":128,"column":24},"end":{"line":128,"column":46}}],"line":128},"8":{"loc":{"start":{"line":185,"column":2},"end":{"line":187,"column":3}},"type":"if","locations":[{"start":{"line":185,"column":2},"end":{"line":187,"column":3}},{"start":{},"end":{}}],"line":185},"9":{"loc":{"start":{"line":191,"column":4},"end":{"line":193,"column":5}},"type":"if","locations":[{"start":{"line":191,"column":4},"end":{"line":193,"column":5}},{"start":{},"end":{}}],"line":191},"10":{"loc":{"start":{"line":216,"column":4},"end":{"line":218,"column":5}},"type":"if","locations":[{"start":{"line":216,"column":4},"end":{"line":218,"column":5}},{"start":{},"end":{}}],"line":216},"11":{"loc":{"start":{"line":241,"column":4},"end":{"line":243,"column":5}},"type":"if","locations":[{"start":{"line":241,"column":4},"end":{"line":243,"column":5}},{"start":{},"end":{}}],"line":241},"12":{"loc":{"start":{"line":245,"column":4},"end":{"line":247,"column":5}},"type":"if","locations":[{"start":{"line":245,"column":4},"end":{"line":247,"column":5}},{"start":{},"end":{}}],"line":245},"13":{"loc":{"start":{"line":252,"column":6},"end":{"line":254,"column":7}},"type":"if","locations":[{"start":{"line":252,"column":6},"end":{"line":254,"column":7}},{"start":{},"end":{}}],"line":252},"14":{"loc":{"start":{"line":291,"column":2},"end":{"line":293,"column":3}},"type":"if","locations":[{"start":{"line":291,"column":2},"end":{"line":293,"column":3}},{"start":{},"end":{}}],"line":291},"15":{"loc":{"start":{"line":291,"column":6},"end":{"line":291,"column":26}},"type":"binary-expr","locations":[{"start":{"line":291,"column":6},"end":{"line":291,"column":11}},{"start":{"line":291,"column":15},"end":{"line":291,"column":26}}],"line":291},"16":{"loc":{"start":{"line":302,"column":11},"end":{"line":302,"column":30}},"type":"binary-expr","locations":[{"start":{"line":302,"column":11},"end":{"line":302,"column":22}},{"start":{"line":302,"column":26},"end":{"line":302,"column":30}}],"line":302},"17":{"loc":{"start":{"line":305,"column":6},"end":{"line":309,"column":7}},"type":"if","locations":[{"start":{"line":305,"column":6},"end":{"line":309,"column":7}},{"start":{},"end":{}}],"line":305},"18":{"loc":{"start":{"line":312,"column":6},"end":{"line":315,"column":7}},"type":"if","locations":[{"start":{"line":312,"column":6},"end":{"line":315,"column":7}},{"start":{},"end":{}}],"line":312},"19":{"loc":{"start":{"line":312,"column":10},"end":{"line":312,"column":46}},"type":"binary-expr","locations":[{"start":{"line":312,"column":10},"end":{"line":312,"column":20}},{"start":{"line":312,"column":24},"end":{"line":312,"column":46}}],"line":312},"20":{"loc":{"start":{"line":320,"column":8},"end":{"line":324,"column":9}},"type":"if","locations":[{"start":{"line":320,"column":8},"end":{"line":324,"column":9}},{"start":{},"end":{}}],"line":320},"21":{"loc":{"start":{"line":320,"column":12},"end":{"line":320,"column":23}},"type":"binary-expr","locations":[{"start":{"line":320,"column":12},"end":{"line":320,"column":15}},{"start":{"line":320,"column":19},"end":{"line":320,"column":23}}],"line":320},"22":{"loc":{"start":{"line":322,"column":51},"end":{"line":322,"column":79}},"type":"binary-expr","locations":[{"start":{"line":322,"column":51},"end":{"line":322,"column":54}},{"start":{"line":322,"column":58},"end":{"line":322,"column":79}}],"line":322},"23":{"loc":{"start":{"line":378,"column":4},"end":{"line":382,"column":5}},"type":"if","locations":[{"start":{"line":378,"column":4},"end":{"line":382,"column":5}},{"start":{},"end":{}}],"line":378},"24":{"loc":{"start":{"line":378,"column":8},"end":{"line":378,"column":19}},"type":"binary-expr","locations":[{"start":{"line":378,"column":8},"end":{"line":378,"column":11}},{"start":{"line":378,"column":15},"end":{"line":378,"column":19}}],"line":378},"25":{"loc":{"start":{"line":380,"column":47},"end":{"line":380,"column":76}},"type":"binary-expr","locations":[{"start":{"line":380,"column":47},"end":{"line":380,"column":50}},{"start":{"line":380,"column":54},"end":{"line":380,"column":76}}],"line":380},"26":{"loc":{"start":{"line":389,"column":6},"end":{"line":393,"column":7}},"type":"if","locations":[{"start":{"line":389,"column":6},"end":{"line":393,"column":7}},{"start":{},"end":{}}],"line":389},"27":{"loc":{"start":{"line":397,"column":8},"end":{"line":401,"column":9}},"type":"if","locations":[{"start":{"line":397,"column":8},"end":{"line":401,"column":9}},{"start":{},"end":{}}],"line":397},"28":{"loc":{"start":{"line":424,"column":6},"end":{"line":428,"column":7}},"type":"if","locations":[{"start":{"line":424,"column":6},"end":{"line":428,"column":7}},{"start":{"line":426,"column":13},"end":{"line":428,"column":7}}],"line":424},"29":{"loc":{"start":{"line":443,"column":6},"end":{"line":447,"column":7}},"type":"if","locations":[{"start":{"line":443,"column":6},"end":{"line":447,"column":7}},{"start":{"line":445,"column":13},"end":{"line":447,"column":7}}],"line":443},"30":{"loc":{"start":{"line":485,"column":2},"end":{"line":487,"column":3}},"type":"if","locations":[{"start":{"line":485,"column":2},"end":{"line":487,"column":3}},{"start":{},"end":{}}],"line":485},"31":{"loc":{"start":{"line":490,"column":4},"end":{"line":492,"column":5}},"type":"if","locations":[{"start":{"line":490,"column":4},"end":{"line":492,"column":5}},{"start":{},"end":{}}],"line":490},"32":{"loc":{"start":{"line":493,"column":4},"end":{"line":495,"column":5}},"type":"if","locations":[{"start":{"line":493,"column":4},"end":{"line":495,"column":5}},{"start":{},"end":{}}],"line":493},"33":{"loc":{"start":{"line":523,"column":4},"end":{"line":526,"column":5}},"type":"if","locations":[{"start":{"line":523,"column":4},"end":{"line":526,"column":5}},{"start":{},"end":{}}],"line":523},"34":{"loc":{"start":{"line":548,"column":4},"end":{"line":551,"column":5}},"type":"if","locations":[{"start":{"line":548,"column":4},"end":{"line":551,"column":5}},{"start":{},"end":{}}],"line":548},"35":{"loc":{"start":{"line":553,"column":4},"end":{"line":555,"column":5}},"type":"if","locations":[{"start":{"line":553,"column":4},"end":{"line":555,"column":5}},{"start":{},"end":{}}],"line":553},"36":{"loc":{"start":{"line":565,"column":12},"end":{"line":568,"column":13}},"type":"if","locations":[{"start":{"line":565,"column":12},"end":{"line":568,"column":13}},{"start":{},"end":{}}],"line":565},"37":{"loc":{"start":{"line":603,"column":6},"end":{"line":606,"column":7}},"type":"if","locations":[{"start":{"line":603,"column":6},"end":{"line":606,"column":7}},{"start":{},"end":{}}],"line":603},"38":{"loc":{"start":{"line":607,"column":6},"end":{"line":609,"column":7}},"type":"if","locations":[{"start":{"line":607,"column":6},"end":{"line":609,"column":7}},{"start":{},"end":{}}],"line":607},"39":{"loc":{"start":{"line":630,"column":4},"end":{"line":633,"column":5}},"type":"if","locations":[{"start":{"line":630,"column":4},"end":{"line":633,"column":5}},{"start":{},"end":{}}],"line":630},"40":{"loc":{"start":{"line":653,"column":4},"end":{"line":656,"column":5}},"type":"if","locations":[{"start":{"line":653,"column":4},"end":{"line":656,"column":5}},{"start":{},"end":{}}],"line":653},"41":{"loc":{"start":{"line":680,"column":4},"end":{"line":683,"column":5}},"type":"if","locations":[{"start":{"line":680,"column":4},"end":{"line":683,"column":5}},{"start":{},"end":{}}],"line":680},"42":{"loc":{"start":{"line":685,"column":4},"end":{"line":687,"column":5}},"type":"if","locations":[{"start":{"line":685,"column":4},"end":{"line":687,"column":5}},{"start":{},"end":{}}],"line":685},"43":{"loc":{"start":{"line":700,"column":12},"end":{"line":703,"column":13}},"type":"if","locations":[{"start":{"line":700,"column":12},"end":{"line":703,"column":13}},{"start":{},"end":{}}],"line":700},"44":{"loc":{"start":{"line":737,"column":4},"end":{"line":739,"column":5}},"type":"if","locations":[{"start":{"line":737,"column":4},"end":{"line":739,"column":5}},{"start":{},"end":{}}],"line":737},"45":{"loc":{"start":{"line":764,"column":4},"end":{"line":767,"column":5}},"type":"if","locations":[{"start":{"line":764,"column":4},"end":{"line":767,"column":5}},{"start":{},"end":{}}],"line":764},"46":{"loc":{"start":{"line":769,"column":4},"end":{"line":771,"column":5}},"type":"if","locations":[{"start":{"line":769,"column":4},"end":{"line":771,"column":5}},{"start":{},"end":{}}],"line":769},"47":{"loc":{"start":{"line":784,"column":12},"end":{"line":787,"column":13}},"type":"if","locations":[{"start":{"line":784,"column":12},"end":{"line":787,"column":13}},{"start":{},"end":{}}],"line":784},"48":{"loc":{"start":{"line":820,"column":4},"end":{"line":823,"column":5}},"type":"if","locations":[{"start":{"line":820,"column":4},"end":{"line":823,"column":5}},{"start":{},"end":{}}],"line":820},"49":{"loc":{"start":{"line":843,"column":4},"end":{"line":846,"column":5}},"type":"if","locations":[{"start":{"line":843,"column":4},"end":{"line":846,"column":5}},{"start":{},"end":{}}],"line":843},"50":{"loc":{"start":{"line":847,"column":4},"end":{"line":849,"column":5}},"type":"if","locations":[{"start":{"line":847,"column":4},"end":{"line":849,"column":5}},{"start":{},"end":{}}],"line":847}},"s":{"0":4,"1":4,"2":4,"3":4,"4":4,"5":3,"6":4,"7":3,"8":4,"9":0,"10":4,"11":1,"12":1,"13":1,"14":4,"15":0,"16":0,"17":0,"18":0,"19":0,"20":0,"21":4,"22":0,"23":0,"24":0,"25":0,"26":0,"27":4,"28":1,"29":1,"30":0,"31":1,"32":1,"33":1,"34":1,"35":0,"36":0,"37":0,"38":1,"39":1,"40":1,"41":1,"42":1,"43":0,"44":0,"45":0,"46":0,"47":0,"48":0,"49":0,"50":0,"51":0,"52":0,"53":0,"54":0,"55":4,"56":0,"57":0,"58":0,"59":0,"60":0,"61":0,"62":0,"63":0,"64":4,"65":0,"66":0,"67":0,"68":0,"69":0,"70":4,"71":1,"72":1,"73":1,"74":0,"75":1,"76":0,"77":1,"78":1,"79":0,"80":1,"81":0,"82":4,"83":1,"84":1,"85":1,"86":0,"87":1,"88":1,"89":1,"90":1,"91":0,"92":0,"93":0,"94":1,"95":1,"96":1,"97":0,"98":0,"99":0,"100":0,"101":0,"102":0,"103":0,"104":0,"105":0,"106":0,"107":0,"108":0,"109":0,"110":0,"111":0,"112":0,"113":0,"114":4,"115":1,"116":1,"117":1,"118":1,"119":0,"120":0,"121":0,"122":1,"123":1,"124":1,"125":0,"126":0,"127":0,"128":1,"129":1,"130":0,"131":0,"132":0,"133":1,"134":1,"135":1,"136":4,"137":0,"138":0,"139":0,"140":0,"141":0,"142":4,"143":0,"144":0,"145":0,"146":0,"147":0,"148":4,"149":0,"150":0,"151":0,"152":4,"153":0,"154":0,"155":0,"156":0,"157":0,"158":0,"159":0,"160":0,"161":0,"162":0,"163":0,"164":0,"165":4,"166":0,"167":0,"168":0,"169":0,"170":0,"171":0,"172":4,"173":0,"174":0,"175":0,"176":0,"177":0,"178":0,"179":0,"180":0,"181":0,"182":0,"183":0,"184":0,"185":0,"186":0,"187":0,"188":0,"189":0,"190":4,"191":0,"192":0,"193":0,"194":0,"195":0,"196":0,"197":0,"198":0,"199":4,"200":0,"201":0,"202":0,"203":0,"204":0,"205":0,"206":4,"207":0,"208":0,"209":0,"210":0,"211":0,"212":0,"213":4,"214":0,"215":0,"216":0,"217":0,"218":0,"219":0,"220":0,"221":0,"222":0,"223":0,"224":0,"225":0,"226":0,"227":0,"228":0,"229":0,"230":0,"231":0,"232":4,"233":0,"234":0,"235":0,"236":0,"237":0,"238":4,"239":0,"240":0,"241":0,"242":0,"243":0,"244":0,"245":0,"246":0,"247":0,"248":0,"249":0,"250":0,"251":0,"252":0,"253":0,"254":0,"255":0,"256":0,"257":4,"258":0,"259":0,"260":0,"261":0,"262":0,"263":0,"264":4,"265":0,"266":0,"267":0,"268":0,"269":0,"270":0,"271":0,"272":0,"273":4},"f":{"0":3,"1":3,"2":0,"3":1,"4":0,"5":0,"6":0,"7":0,"8":0,"9":0,"10":1,"11":1,"12":0,"13":0,"14":0,"15":0,"16":0,"17":0,"18":0,"19":0,"20":0,"21":0,"22":1,"23":1,"24":1,"25":0,"26":1,"27":1,"28":0,"29":0,"30":0,"31":0,"32":0,"33":0,"34":1,"35":1,"36":1,"37":1,"38":0,"39":0,"40":0,"41":0,"42":0,"43":0,"44":0,"45":0,"46":0,"47":0,"48":0,"49":0,"50":0,"51":0,"52":0,"53":0,"54":0,"55":0,"56":0,"57":0,"58":0,"59":0,"60":0,"61":0,"62":0,"63":0,"64":0,"65":0,"66":0,"67":0,"68":0,"69":0,"70":0,"71":0,"72":0,"73":0,"74":0,"75":0,"76":0,"77":0,"78":0,"79":0,"80":0,"81":0,"82":0},"b":{"0":[0,0],"1":[0,0],"2":[0,1],"3":[1,1],"4":[1,0],"5":[0,1],"6":[1,0],"7":[1,0],"8":[0,0],"9":[0,0],"10":[0,0],"11":[0,1],"12":[0,1],"13":[0,1],"14":[0,1],"15":[1,1],"16":[1,0],"17":[0,1],"18":[1,0],"19":[1,0],"20":[0,0],"21":[0,0],"22":[0,0],"23":[0,1],"24":[1,1],"25":[0,0],"26":[0,1],"27":[0,1],"28":[0,0],"29":[0,0],"30":[0,0],"31":[0,0],"32":[0,0],"33":[0,0],"34":[0,0],"35":[0,0],"36":[0,0],"37":[0,0],"38":[0,0],"39":[0,0],"40":[0,0],"41":[0,0],"42":[0,0],"43":[0,0],"44":[0,0],"45":[0,0],"46":[0,0],"47":[0,0],"48":[0,0],"49":[0,0],"50":[0,0]},"_coverageSchema":"1a1c01bbd47fc00a2c39e90264f33305004495a9","hash":"fb253c33a234aca94629b485ef017d10c4dff590"}
,"/Users/varungupta/Developer/Academic/CS520/study-app_cs520/backend/src/gemini_functions/gemini_functions.js": {"path":"/Users/varungupta/Developer/Academic/CS520/study-app_cs520/backend/src/gemini_functions/gemini_functions.js","statementMap":{"0":{"start":{"line":1,"column":31},"end":{"line":1,"column":63}},"1":{"start":{"line":2,"column":32},"end":{"line":2,"column":71}},"2":{"start":{"line":5,"column":14},"end":{"line":5,"column":79}},"3":{"start":{"line":7,"column":20},"end":{"line":7,"column":86}},"4":{"start":{"line":15,"column":2},"end":{"line":65,"column":3}},"5":{"start":{"line":16,"column":18},"end":{"line":19,"column":6}},"6":{"start":{"line":21,"column":22},"end":{"line":21,"column":24}},"7":{"start":{"line":22,"column":22},"end":{"line":22,"column":24}},"8":{"start":{"line":24,"column":4},"end":{"line":47,"column":5}},"9":{"start":{"line":26,"column":29},"end":{"line":29,"column":8}},"10":{"start":{"line":31,"column":6},"end":{"line":31,"column":63}},"11":{"start":{"line":34,"column":6},"end":{"line":39,"column":9}},"12":{"start":{"line":41,"column":6},"end":{"line":46,"column":9}},"13":{"start":{"line":50,"column":19},"end":{"line":53,"column":6}},"14":{"start":{"line":56,"column":4},"end":{"line":59,"column":5}},"15":{"start":{"line":57,"column":6},"end":{"line":57,"column":59}},"16":{"start":{"line":58,"column":6},"end":{"line":58,"column":68}},"17":{"start":{"line":61,"column":4},"end":{"line":61,"column":34}},"18":{"start":{"line":63,"column":4},"end":{"line":63,"column":56}},"19":{"start":{"line":64,"column":4},"end":{"line":64,"column":16}},"20":{"start":{"line":75,"column":2},"end":{"line":160,"column":3}},"21":{"start":{"line":76,"column":19},"end":{"line":105,"column":5}},"22":{"start":{"line":107,"column":18},"end":{"line":114,"column":6}},"23":{"start":{"line":116,"column":22},"end":{"line":116,"column":24}},"24":{"start":{"line":117,"column":22},"end":{"line":117,"column":24}},"25":{"start":{"line":119,"column":4},"end":{"line":142,"column":5}},"26":{"start":{"line":121,"column":29},"end":{"line":124,"column":8}},"27":{"start":{"line":126,"column":6},"end":{"line":126,"column":63}},"28":{"start":{"line":129,"column":6},"end":{"line":134,"column":9}},"29":{"start":{"line":136,"column":6},"end":{"line":141,"column":9}},"30":{"start":{"line":145,"column":19},"end":{"line":148,"column":6}},"31":{"start":{"line":151,"column":4},"end":{"line":154,"column":5}},"32":{"start":{"line":152,"column":6},"end":{"line":152,"column":59}},"33":{"start":{"line":153,"column":6},"end":{"line":153,"column":68}},"34":{"start":{"line":156,"column":4},"end":{"line":156,"column":34}},"35":{"start":{"line":158,"column":4},"end":{"line":158,"column":49}},"36":{"start":{"line":159,"column":4},"end":{"line":159,"column":16}},"37":{"start":{"line":170,"column":2},"end":{"line":206,"column":3}},"38":{"start":{"line":171,"column":18},"end":{"line":173,"column":6}},"39":{"start":{"line":174,"column":22},"end":{"line":174,"column":24}},"40":{"start":{"line":175,"column":22},"end":{"line":175,"column":24}},"41":{"start":{"line":176,"column":4},"end":{"line":193,"column":5}},"42":{"start":{"line":177,"column":29},"end":{"line":180,"column":8}},"43":{"start":{"line":181,"column":6},"end":{"line":186,"column":9}},"44":{"start":{"line":187,"column":6},"end":{"line":192,"column":9}},"45":{"start":{"line":194,"column":19},"end":{"line":198,"column":6}},"46":{"start":{"line":199,"column":4},"end":{"line":201,"column":5}},"47":{"start":{"line":200,"column":6},"end":{"line":200,"column":59}},"48":{"start":{"line":202,"column":4},"end":{"line":202,"column":34}},"49":{"start":{"line":204,"column":4},"end":{"line":204,"column":55}},"50":{"start":{"line":205,"column":4},"end":{"line":205,"column":16}},"51":{"start":{"line":209,"column":0},"end":{"line":209,"column":67}}},"fnMap":{"0":{"name":"createStudyGuide","decl":{"start":{"line":14,"column":15},"end":{"line":14,"column":31}},"loc":{"start":{"line":14,"column":43},"end":{"line":66,"column":1}},"line":14},"1":{"name":"createQuiz","decl":{"start":{"line":74,"column":15},"end":{"line":74,"column":25}},"loc":{"start":{"line":74,"column":51},"end":{"line":161,"column":1}},"line":74},"2":{"name":"createStudyPlan","decl":{"start":{"line":169,"column":15},"end":{"line":169,"column":30}},"loc":{"start":{"line":169,"column":48},"end":{"line":207,"column":1}},"line":169}},"branchMap":{},"s":{"0":5,"1":5,"2":5,"3":5,"4":1,"5":1,"6":1,"7":1,"8":1,"9":2,"10":2,"11":2,"12":2,"13":1,"14":1,"15":2,"16":2,"17":1,"18":0,"19":0,"20":1,"21":1,"22":1,"23":1,"24":1,"25":1,"26":2,"27":2,"28":2,"29":2,"30":1,"31":1,"32":2,"33":2,"34":1,"35":0,"36":0,"37":1,"38":1,"39":1,"40":1,"41":1,"42":2,"43":2,"44":2,"45":1,"46":1,"47":2,"48":1,"49":0,"50":0,"51":5},"f":{"0":1,"1":1,"2":1},"b":{},"_coverageSchema":"1a1c01bbd47fc00a2c39e90264f33305004495a9","hash":"733a848d315b0a5f78bc8d1ef016df3015c163f2"}
,"/Users/varungupta/Developer/Academic/CS520/study-app_cs520/backend/src/routes/authRoutes.js": {"path":"/Users/varungupta/Developer/Academic/CS520/study-app_cs520/backend/src/routes/authRoutes.js","statementMap":{"0":{"start":{"line":1,"column":16},"end":{"line":1,"column":34}},"1":{"start":{"line":2,"column":26},"end":{"line":2,"column":67}},"2":{"start":{"line":4,"column":15},"end":{"line":4,"column":31}},"3":{"start":{"line":17,"column":0},"end":{"line":17,"column":31}},"4":{"start":{"line":30,"column":0},"end":{"line":30,"column":29}},"5":{"start":{"line":32,"column":0},"end":{"line":32,"column":24}}},"fnMap":{},"branchMap":{},"s":{"0":4,"1":4,"2":4,"3":4,"4":4,"5":4},"f":{},"b":{},"_coverageSchema":"1a1c01bbd47fc00a2c39e90264f33305004495a9","hash":"9b8d1489d3405cb8a666ba4c8cf3699086bb9aab"}
,"/Users/varungupta/Developer/Academic/CS520/study-app_cs520/backend/src/routes/chatRoutes.js": {"path":"/Users/varungupta/Developer/Academic/CS520/study-app_cs520/backend/src/routes/chatRoutes.js","statementMap":{"0":{"start":{"line":2,"column":16},"end":{"line":2,"column":34}},"1":{"start":{"line":3,"column":15},"end":{"line":3,"column":31}},"2":{"start":{"line":4,"column":23},"end":{"line":4,"column":64}},"3":{"start":{"line":7,"column":0},"end":{"line":7,"column":55}},"4":{"start":{"line":10,"column":0},"end":{"line":10,"column":56}},"5":{"start":{"line":12,"column":0},"end":{"line":12,"column":24}}},"fnMap":{},"branchMap":{},"s":{"0":4,"1":4,"2":4,"3":4,"4":4,"5":4},"f":{},"b":{},"_coverageSchema":"1a1c01bbd47fc00a2c39e90264f33305004495a9","hash":"03cb3cfbf9f0490fea8b5822647da679df186f2b"}
,"/Users/varungupta/Developer/Academic/CS520/study-app_cs520/backend/src/routes/projectRoutes.js": {"path":"/Users/varungupta/Developer/Academic/CS520/study-app_cs520/backend/src/routes/projectRoutes.js","statementMap":{"0":{"start":{"line":1,"column":16},"end":{"line":1,"column":34}},"1":{"start":{"line":2,"column":15},"end":{"line":2,"column":31}},"2":{"start":{"line":3,"column":66},"end":{"line":3,"column":109}},"3":{"start":{"line":16,"column":0},"end":{"line":16,"column":29}},"4":{"start":{"line":29,"column":0},"end":{"line":29,"column":46}},"5":{"start":{"line":42,"column":0},"end":{"line":42,"column":54}},"6":{"start":{"line":44,"column":0},"end":{"line":44,"column":24}}},"fnMap":{},"branchMap":{},"s":{"0":4,"1":4,"2":4,"3":4,"4":4,"5":4,"6":4},"f":{},"b":{},"_coverageSchema":"1a1c01bbd47fc00a2c39e90264f33305004495a9","hash":"a0c29e56733920f3ab4d53e6014f47253ac974df"}
,"/Users/varungupta/Developer/Academic/CS520/study-app_cs520/backend/src/routes/quizRoutes.js": {"path":"/Users/varungupta/Developer/Academic/CS520/study-app_cs520/backend/src/routes/quizRoutes.js","statementMap":{"0":{"start":{"line":1,"column":16},"end":{"line":1,"column":34}},"1":{"start":{"line":2,"column":15},"end":{"line":2,"column":31}},"2":{"start":{"line":3,"column":23},"end":{"line":3,"column":64}},"3":{"start":{"line":16,"column":0},"end":{"line":16,"column":53}},"4":{"start":{"line":29,"column":0},"end":{"line":29,"column":60}},"5":{"start":{"line":31,"column":0},"end":{"line":31,"column":24}}},"fnMap":{},"branchMap":{},"s":{"0":4,"1":4,"2":4,"3":4,"4":4,"5":4},"f":{},"b":{},"_coverageSchema":"1a1c01bbd47fc00a2c39e90264f33305004495a9","hash":"f024ad967e8263648990fce6ce5dde4ed53026c2"}
,"/Users/varungupta/Developer/Academic/CS520/study-app_cs520/backend/src/routes/shareRoutes.js": {"path":"/Users/varungupta/Developer/Academic/CS520/study-app_cs520/backend/src/routes/shareRoutes.js","statementMap":{"0":{"start":{"line":1,"column":16},"end":{"line":1,"column":34}},"1":{"start":{"line":2,"column":15},"end":{"line":2,"column":31}},"2":{"start":{"line":3,"column":24},"end":{"line":3,"column":66}},"3":{"start":{"line":16,"column":0},"end":{"line":16,"column":48}},"4":{"start":{"line":29,"column":0},"end":{"line":29,"column":74}},"5":{"start":{"line":42,"column":0},"end":{"line":42,"column":49}},"6":{"start":{"line":44,"column":0},"end":{"line":44,"column":24}}},"fnMap":{},"branchMap":{},"s":{"0":4,"1":4,"2":4,"3":4,"4":4,"5":4,"6":4},"f":{},"b":{},"_coverageSchema":"1a1c01bbd47fc00a2c39e90264f33305004495a9","hash":"db19adf1e78f73bd7910e3a05e046ff7e1ddd45b"}
,"/Users/varungupta/Developer/Academic/CS520/study-app_cs520/backend/src/routes/studyRoutes.js": {"path":"/Users/varungupta/Developer/Academic/CS520/study-app_cs520/backend/src/routes/studyRoutes.js","statementMap":{"0":{"start":{"line":1,"column":16},"end":{"line":1,"column":34}},"1":{"start":{"line":2,"column":15},"end":{"line":2,"column":32}},"2":{"start":{"line":3,"column":13},"end":{"line":3,"column":28}},"3":{"start":{"line":4,"column":11},"end":{"line":4,"column":24}},"4":{"start":{"line":5,"column":24},"end":{"line":5,"column":66}},"5":{"start":{"line":6,"column":15},"end":{"line":6,"column":31}},"6":{"start":{"line":14,"column":16},"end":{"line":23,"column":2}},"7":{"start":{"line":16,"column":21},"end":{"line":16,"column":36}},"8":{"start":{"line":17,"column":4},"end":{"line":17,"column":48}},"9":{"start":{"line":18,"column":4},"end":{"line":18,"column":23}},"10":{"start":{"line":21,"column":4},"end":{"line":21,"column":59}},"11":{"start":{"line":25,"column":15},"end":{"line":25,"column":43}},"12":{"start":{"line":39,"column":0},"end":{"line":39,"column":84}},"13":{"start":{"line":52,"column":0},"end":{"line":52,"column":59}},"14":{"start":{"line":65,"column":0},"end":{"line":65,"column":72}},"15":{"start":{"line":78,"column":0},"end":{"line":78,"column":65}},"16":{"start":{"line":92,"column":0},"end":{"line":92,"column":87}},"17":{"start":{"line":105,"column":0},"end":{"line":105,"column":64}},"18":{"start":{"line":118,"column":0},"end":{"line":118,"column":81}},"19":{"start":{"line":131,"column":0},"end":{"line":131,"column":85}},"20":{"start":{"line":143,"column":0},"end":{"line":143,"column":77}},"21":{"start":{"line":155,"column":0},"end":{"line":155,"column":88}},"22":{"start":{"line":168,"column":0},"end":{"line":168,"column":76}},"23":{"start":{"line":180,"column":0},"end":{"line":180,"column":70}},"24":{"start":{"line":192,"column":0},"end":{"line":192,"column":66}},"25":{"start":{"line":205,"column":0},"end":{"line":205,"column":76}},"26":{"start":{"line":218,"column":0},"end":{"line":218,"column":74}},"27":{"start":{"line":231,"column":0},"end":{"line":231,"column":83}},"28":{"start":{"line":244,"column":0},"end":{"line":244,"column":85}},"29":{"start":{"line":246,"column":0},"end":{"line":246,"column":24}}},"fnMap":{"0":{"name":"(anonymous_0)","decl":{"start":{"line":15,"column":15},"end":{"line":15,"column":16}},"loc":{"start":{"line":15,"column":34},"end":{"line":19,"column":3}},"line":15},"1":{"name":"(anonymous_1)","decl":{"start":{"line":20,"column":12},"end":{"line":20,"column":13}},"loc":{"start":{"line":20,"column":31},"end":{"line":22,"column":3}},"line":20}},"branchMap":{},"s":{"0":4,"1":4,"2":4,"3":4,"4":4,"5":4,"6":4,"7":0,"8":0,"9":0,"10":0,"11":4,"12":4,"13":4,"14":4,"15":4,"16":4,"17":4,"18":4,"19":4,"20":4,"21":4,"22":4,"23":4,"24":4,"25":4,"26":4,"27":4,"28":4,"29":4},"f":{"0":0,"1":0},"b":{},"_coverageSchema":"1a1c01bbd47fc00a2c39e90264f33305004495a9","hash":"e61f8afbb203e8e0a68f046a7900b369525972ec"}
}
