TN:
SF:src/database.js
FN:12,(anonymous_0)
FN:28,(anonymous_1)
FN:35,(anonymous_2)
FN:64,(anonymous_3)
FN:87,(anonymous_4)
FN:114,(anonymous_5)
FN:141,(anonymous_6)
FN:168,(anonymous_7)
FN:199,(anonymous_8)
FN:228,(anonymous_9)
FN:246,(anonymous_10)
FNF:11
FNH:11
FNDA:4,(anonymous_0)
FNDA:4,(anonymous_1)
FNDA:4,(anonymous_2)
FNDA:4,(anonymous_3)
FNDA:4,(anonymous_4)
FNDA:4,(anonymous_5)
FNDA:4,(anonymous_6)
FNDA:4,(anonymous_7)
FNDA:4,(anonymous_8)
FNDA:4,(anonymous_9)
FNDA:4,(anonymous_10)
DA:2,4
DA:3,4
DA:12,4
DA:13,4
DA:14,0
DA:16,4
DA:28,4
DA:29,4
DA:36,4
DA:37,0
DA:39,4
DA:54,4
DA:65,4
DA:66,0
DA:68,4
DA:80,4
DA:88,4
DA:89,0
DA:91,4
DA:105,4
DA:115,4
DA:116,0
DA:118,4
DA:132,4
DA:142,4
DA:143,0
DA:145,4
DA:159,4
DA:169,4
DA:170,0
DA:172,4
DA:187,4
DA:200,4
DA:201,0
DA:203,4
DA:217,4
DA:229,4
DA:230,0
DA:232,4
DA:236,4
DA:247,4
DA:248,0
DA:250,4
DA:254,4
LF:44
LH:34
BRDA:13,0,0,0
BRDA:13,0,1,4
BRDA:36,1,0,0
BRDA:36,1,1,4
BRDA:65,2,0,0
BRDA:65,2,1,4
BRDA:88,3,0,0
BRDA:88,3,1,4
BRDA:115,4,0,0
BRDA:115,4,1,4
BRDA:142,5,0,0
BRDA:142,5,1,4
BRDA:169,6,0,0
BRDA:169,6,1,4
BRDA:200,7,0,0
BRDA:200,7,1,4
BRDA:229,8,0,0
BRDA:229,8,1,4
BRDA:247,9,0,0
BRDA:247,9,1,4
BRF:20
BRH:10
end_of_record
TN:
SF:src/server.js
FN:124,(anonymous_0)
FNF:1
FNH:0
FNDA:0,(anonymous_0)
DA:1,4
DA:2,4
DA:3,4
DA:4,4
DA:5,4
DA:7,4
DA:8,4
DA:9,4
DA:10,4
DA:11,4
DA:12,4
DA:22,4
DA:32,4
DA:41,4
DA:50,4
DA:60,4
DA:70,4
DA:80,4
DA:90,4
DA:100,4
DA:109,4
DA:112,4
DA:115,4
DA:123,4
DA:124,0
DA:125,0
LF:26
LH:24
BRDA:5,0,0,4
BRDA:5,0,1,4
BRDA:123,1,0,0
BRDA:123,1,1,4
BRF:4
BRH:3
end_of_record
TN:
SF:src/controllers/authControllers.js
FN:20,(anonymous_0)
FN:36,(anonymous_1)
FN:53,(anonymous_2)
FN:71,(anonymous_3)
FN:98,(anonymous_4)
FN:107,(anonymous_5)
FNF:6
FNH:6
FNDA:6,(anonymous_0)
FNDA:7,(anonymous_1)
FNDA:5,(anonymous_2)
FNDA:1,(anonymous_3)
FNDA:5,(anonymous_4)
FNDA:3,(anonymous_5)
DA:2,4
DA:3,4
DA:4,4
DA:5,4
DA:8,4
DA:11,4
DA:20,4
DA:21,6
DA:22,6
DA:36,4
DA:37,7
DA:39,7
DA:42,7
DA:43,1
DA:47,6
DA:48,1
DA:51,5
DA:53,5
DA:54,5
DA:55,0
DA:56,0
DA:60,5
DA:61,4
DA:65,1
DA:68,1
DA:72,1
DA:73,0
DA:74,0
DA:77,1
DA:82,0
DA:83,0
DA:98,4
DA:99,5
DA:102,5
DA:103,2
DA:107,3
DA:108,3
DA:109,0
DA:110,0
DA:114,3
DA:115,1
DA:119,2
DA:126,2
DA:136,4
LF:44
LH:36
BRDA:8,0,0,4
BRDA:8,0,1,4
BRDA:42,1,0,1
BRDA:42,1,1,6
BRDA:42,2,0,7
BRDA:42,2,1,6
BRDA:47,3,0,1
BRDA:47,3,1,5
BRDA:54,4,0,0
BRDA:54,4,1,5
BRDA:60,5,0,4
BRDA:60,5,1,1
BRDA:72,6,0,0
BRDA:72,6,1,1
BRDA:102,7,0,2
BRDA:102,7,1,3
BRDA:102,8,0,5
BRDA:102,8,1,4
BRDA:108,9,0,0
BRDA:108,9,1,3
BRDA:114,10,0,1
BRDA:114,10,1,2
BRDA:114,11,0,3
BRDA:114,11,1,2
BRF:24
BRH:21
end_of_record
TN:
SF:src/controllers/chatControllers.js
FN:5,(anonymous_0)
FN:16,(anonymous_1)
FN:26,(anonymous_2)
FN:36,(anonymous_3)
FNF:4
FNH:4
FNDA:3,(anonymous_0)
FNDA:3,(anonymous_1)
FNDA:3,(anonymous_2)
FNDA:2,(anonymous_3)
DA:2,4
DA:5,4
DA:6,3
DA:9,3
DA:17,3
DA:18,1
DA:19,1
DA:21,2
DA:26,4
DA:27,3
DA:30,3
DA:31,1
DA:34,2
DA:36,2
DA:37,2
DA:38,1
DA:39,1
DA:41,1
LF:18
LH:18
BRDA:17,0,0,1
BRDA:17,0,1,2
BRDA:30,1,0,1
BRDA:30,1,1,2
BRDA:30,2,0,3
BRDA:30,2,1,2
BRDA:37,3,0,1
BRDA:37,3,1,1
BRF:8
BRH:8
end_of_record
TN:
SF:src/controllers/projectController.js
FN:3,(anonymous_0)
FN:9,(anonymous_1)
FN:15,(anonymous_2)
FNF:3
FNH:0
FNDA:0,(anonymous_0)
FNDA:0,(anonymous_1)
FNDA:0,(anonymous_2)
DA:3,4
DA:4,0
DA:9,4
DA:10,0
DA:15,4
DA:16,0
LF:6
LH:3
BRF:0
BRH:0
end_of_record
TN:
SF:src/controllers/quizControllers.js
FN:15,(anonymous_0)
FN:28,(anonymous_1)
FN:52,(anonymous_2)
FN:71,(anonymous_3)
FNF:4
FNH:0
FNDA:0,(anonymous_0)
FNDA:0,(anonymous_1)
FNDA:0,(anonymous_2)
FNDA:0,(anonymous_3)
DA:2,4
DA:15,4
DA:16,0
DA:19,0
DA:20,0
DA:23,0
DA:28,0
DA:29,0
DA:30,0
DA:31,0
DA:35,0
DA:52,4
DA:53,0
DA:55,0
DA:71,0
DA:72,0
DA:73,0
DA:74,0
DA:78,0
DA:86,4
LF:20
LH:4
BRDA:19,0,0,0
BRDA:19,0,1,0
BRDA:19,1,0,0
BRDA:19,1,1,0
BRDA:19,1,2,0
BRDA:29,2,0,0
BRDA:29,2,1,0
BRDA:72,3,0,0
BRDA:72,3,1,0
BRF:9
BRH:0
end_of_record
TN:
SF:src/controllers/shareControllers.js
FN:14,(anonymous_0)
FN:18,(anonymous_1)
FN:36,(anonymous_2)
FN:60,(anonymous_3)
FN:71,(anonymous_4)
FN:90,(anonymous_5)
FN:98,(anonymous_6)
FNF:7
FNH:4
FNDA:1,(anonymous_0)
FNDA:1,(anonymous_1)
FNDA:0,(anonymous_2)
FNDA:0,(anonymous_3)
FNDA:0,(anonymous_4)
FNDA:1,(anonymous_5)
FNDA:1,(anonymous_6)
DA:1,4
DA:14,4
DA:15,1
DA:18,1
DA:19,1
DA:20,0
DA:21,0
DA:24,1
DA:25,1
DA:28,0
DA:30,0
DA:36,0
DA:37,0
DA:38,0
DA:39,0
DA:41,0
DA:44,0
DA:60,4
DA:61,0
DA:63,0
DA:71,0
DA:72,0
DA:73,0
DA:75,0
DA:90,4
DA:91,1
DA:93,1
DA:98,1
DA:99,1
DA:100,0
DA:102,1
DA:108,4
LF:32
LH:15
BRDA:19,0,0,0
BRDA:19,0,1,1
BRDA:24,1,0,1
BRDA:24,1,1,0
BRDA:37,2,0,0
BRDA:37,2,1,0
BRDA:38,3,0,0
BRDA:38,3,1,0
BRDA:72,4,0,0
BRDA:72,4,1,0
BRDA:99,5,0,0
BRDA:99,5,1,1
BRF:12
BRH:3
end_of_record
TN:
SF:src/controllers/studyControllers.js
FN:11,(anonymous_0)
FN:19,(anonymous_1)
FN:27,(anonymous_2)
FN:40,(anonymous_3)
FN:54,(anonymous_4)
FN:55,(anonymous_5)
FN:57,(anonymous_6)
FN:75,(anonymous_7)
FN:76,(anonymous_8)
FN:80,(anonymous_9)
FN:104,(anonymous_10)
FN:118,(anonymous_11)
FN:139,(anonymous_12)
FN:141,(anonymous_13)
FN:142,(anonymous_14)
FN:149,(anonymous_15)
FN:156,(anonymous_16)
FN:162,(anonymous_17)
FN:182,(anonymous_18)
FN:190,(anonymous_19)
FN:210,(anonymous_20)
FN:214,(anonymous_21)
FN:235,(anonymous_22)
FN:239,(anonymous_23)
FN:250,(anonymous_24)
FN:264,(anonymous_25)
FN:286,(anonymous_26)
FN:303,(anonymous_27)
FN:318,(anonymous_28)
FN:330,(anonymous_29)
FN:332,(anonymous_30)
FN:333,(anonymous_31)
FN:341,(anonymous_32)
FN:345,(anonymous_33)
FN:370,(anonymous_34)
FN:377,(anonymous_35)
FN:388,(anonymous_36)
FN:396,(anonymous_37)
FN:421,(anonymous_38)
FN:422,(anonymous_39)
FN:423,(anonymous_40)
FN:440,(anonymous_41)
FN:441,(anonymous_42)
FN:442,(anonymous_43)
FN:460,(anonymous_44)
FN:462,(anonymous_45)
FN:463,(anonymous_46)
FN:482,(anonymous_47)
FN:489,(anonymous_48)
FN:498,(anonymous_49)
FN:501,(anonymous_50)
FN:519,(anonymous_51)
FN:522,(anonymous_52)
FN:544,(anonymous_53)
FN:547,(anonymous_54)
FN:557,(anonymous_55)
FN:560,(anonymous_56)
FN:564,(anonymous_57)
FN:578,(anonymous_58)
FN:596,(anonymous_59)
FN:602,(anonymous_60)
FN:626,(anonymous_61)
FN:629,(anonymous_62)
FN:649,(anonymous_63)
FN:652,(anonymous_64)
FN:674,(anonymous_65)
FN:679,(anonymous_66)
FN:690,(anonymous_67)
FN:694,(anonymous_68)
FN:699,(anonymous_69)
FN:714,(anonymous_70)
FN:732,(anonymous_71)
FN:736,(anonymous_72)
FN:758,(anonymous_73)
FN:763,(anonymous_74)
FN:774,(anonymous_75)
FN:778,(anonymous_76)
FN:783,(anonymous_77)
FN:798,(anonymous_78)
FN:816,(anonymous_79)
FN:819,(anonymous_80)
FN:839,(anonymous_81)
FN:842,(anonymous_82)
FNF:83
FNH:14
FNDA:3,(anonymous_0)
FNDA:3,(anonymous_1)
FNDA:0,(anonymous_2)
FNDA:1,(anonymous_3)
FNDA:0,(anonymous_4)
FNDA:0,(anonymous_5)
FNDA:0,(anonymous_6)
FNDA:0,(anonymous_7)
FNDA:0,(anonymous_8)
FNDA:0,(anonymous_9)
FNDA:1,(anonymous_10)
FNDA:1,(anonymous_11)
FNDA:0,(anonymous_12)
FNDA:0,(anonymous_13)
FNDA:0,(anonymous_14)
FNDA:0,(anonymous_15)
FNDA:0,(anonymous_16)
FNDA:0,(anonymous_17)
FNDA:0,(anonymous_18)
FNDA:0,(anonymous_19)
FNDA:0,(anonymous_20)
FNDA:0,(anonymous_21)
FNDA:1,(anonymous_22)
FNDA:1,(anonymous_23)
FNDA:1,(anonymous_24)
FNDA:0,(anonymous_25)
FNDA:1,(anonymous_26)
FNDA:1,(anonymous_27)
FNDA:0,(anonymous_28)
FNDA:0,(anonymous_29)
FNDA:0,(anonymous_30)
FNDA:0,(anonymous_31)
FNDA:0,(anonymous_32)
FNDA:0,(anonymous_33)
FNDA:1,(anonymous_34)
FNDA:1,(anonymous_35)
FNDA:1,(anonymous_36)
FNDA:1,(anonymous_37)
FNDA:0,(anonymous_38)
FNDA:0,(anonymous_39)
FNDA:0,(anonymous_40)
FNDA:0,(anonymous_41)
FNDA:0,(anonymous_42)
FNDA:0,(anonymous_43)
FNDA:0,(anonymous_44)
FNDA:0,(anonymous_45)
FNDA:0,(anonymous_46)
FNDA:0,(anonymous_47)
FNDA:0,(anonymous_48)
FNDA:0,(anonymous_49)
FNDA:0,(anonymous_50)
FNDA:0,(anonymous_51)
FNDA:0,(anonymous_52)
FNDA:0,(anonymous_53)
FNDA:0,(anonymous_54)
FNDA:0,(anonymous_55)
FNDA:0,(anonymous_56)
FNDA:0,(anonymous_57)
FNDA:0,(anonymous_58)
FNDA:0,(anonymous_59)
FNDA:0,(anonymous_60)
FNDA:0,(anonymous_61)
FNDA:0,(anonymous_62)
FNDA:0,(anonymous_63)
FNDA:0,(anonymous_64)
FNDA:0,(anonymous_65)
FNDA:0,(anonymous_66)
FNDA:0,(anonymous_67)
FNDA:0,(anonymous_68)
FNDA:0,(anonymous_69)
FNDA:0,(anonymous_70)
FNDA:0,(anonymous_71)
FNDA:0,(anonymous_72)
FNDA:0,(anonymous_73)
FNDA:0,(anonymous_74)
FNDA:0,(anonymous_75)
FNDA:0,(anonymous_76)
FNDA:0,(anonymous_77)
FNDA:0,(anonymous_78)
FNDA:0,(anonymous_79)
FNDA:0,(anonymous_80)
FNDA:0,(anonymous_81)
FNDA:0,(anonymous_82)
DA:2,4
DA:3,4
DA:4,4
DA:5,4
DA:11,4
DA:12,3
DA:19,4
DA:20,3
DA:27,4
DA:28,0
DA:40,4
DA:41,1
DA:42,1
DA:43,1
DA:54,4
DA:55,0
DA:56,0
DA:57,0
DA:58,0
DA:59,0
DA:61,0
DA:75,4
DA:76,0
DA:77,0
DA:81,0
DA:82,0
DA:84,0
DA:104,4
DA:105,1
DA:107,1
DA:108,0
DA:111,1
DA:113,1
DA:115,1
DA:119,1
DA:120,0
DA:121,0
DA:122,0
DA:125,1
DA:126,1
DA:128,1
DA:129,1
DA:130,1
DA:139,0
DA:140,0
DA:141,0
DA:143,0
DA:144,0
DA:148,0
DA:150,0
DA:151,0
DA:156,0
DA:163,0
DA:164,0
DA:165,0
DA:182,4
DA:183,0
DA:185,0
DA:186,0
DA:189,0
DA:190,0
DA:191,0
DA:192,0
DA:194,0
DA:210,4
DA:211,0
DA:214,0
DA:216,0
DA:217,0
DA:219,0
DA:235,4
DA:236,1
DA:239,1
DA:241,1
DA:242,0
DA:245,1
DA:246,0
DA:250,1
DA:252,1
DA:253,0
DA:257,1
DA:264,0
DA:286,4
DA:287,1
DA:288,1
DA:291,1
DA:292,0
DA:295,1
DA:297,1
DA:300,1
DA:305,1
DA:306,0
DA:307,0
DA:308,0
DA:312,1
DA:313,1
DA:314,1
DA:318,0
DA:320,0
DA:321,0
DA:322,0
DA:323,0
DA:327,0
DA:330,0
DA:331,0
DA:332,0
DA:334,0
DA:335,0
DA:340,0
DA:342,0
DA:343,0
DA:346,0
DA:347,0
DA:348,0
DA:370,4
DA:371,1
DA:374,1
DA:377,1
DA:378,1
DA:379,0
DA:380,0
DA:381,0
DA:385,1
DA:388,1
DA:389,1
DA:390,0
DA:391,0
DA:392,0
DA:396,1
DA:397,1
DA:398,0
DA:399,0
DA:400,0
DA:404,1
DA:407,1
DA:408,1
DA:421,4
DA:422,0
DA:423,0
DA:424,0
DA:425,0
DA:427,0
DA:440,4
DA:441,0
DA:442,0
DA:443,0
DA:444,0
DA:446,0
DA:460,4
DA:461,0
DA:462,0
DA:464,0
DA:482,4
DA:483,0
DA:485,0
DA:486,0
DA:489,0
DA:490,0
DA:491,0
DA:493,0
DA:494,0
DA:497,0
DA:499,0
DA:502,0
DA:503,0
DA:519,4
DA:520,0
DA:522,0
DA:523,0
DA:524,0
DA:525,0
DA:527,0
DA:544,4
DA:545,0
DA:547,0
DA:548,0
DA:549,0
DA:550,0
DA:553,0
DA:554,0
DA:557,0
DA:559,0
DA:561,0
DA:565,0
DA:566,0
DA:567,0
DA:570,0
DA:579,0
DA:580,0
DA:596,4
DA:597,0
DA:599,0
DA:603,0
DA:604,0
DA:605,0
DA:607,0
DA:608,0
DA:610,0
DA:626,4
DA:627,0
DA:629,0
DA:630,0
DA:631,0
DA:632,0
DA:634,0
DA:649,4
DA:650,0
DA:652,0
DA:653,0
DA:654,0
DA:655,0
DA:657,0
DA:674,4
DA:675,0
DA:676,0
DA:679,0
DA:680,0
DA:681,0
DA:682,0
DA:685,0
DA:686,0
DA:690,0
DA:693,0
DA:696,0
DA:700,0
DA:701,0
DA:702,0
DA:706,0
DA:715,0
DA:716,0
DA:732,4
DA:733,0
DA:735,0
DA:737,0
DA:738,0
DA:741,0
DA:758,4
DA:759,0
DA:760,0
DA:763,0
DA:764,0
DA:765,0
DA:766,0
DA:769,0
DA:770,0
DA:774,0
DA:777,0
DA:780,0
DA:784,0
DA:785,0
DA:786,0
DA:790,0
DA:799,0
DA:800,0
DA:816,4
DA:817,0
DA:819,0
DA:820,0
DA:821,0
DA:822,0
DA:824,0
DA:839,4
DA:840,0
DA:842,0
DA:843,0
DA:844,0
DA:845,0
DA:847,0
DA:848,0
DA:850,0
DA:855,4
LF:271
LH:76
BRDA:58,0,0,0
BRDA:58,0,1,0
BRDA:81,1,0,0
BRDA:81,1,1,0
BRDA:107,2,0,0
BRDA:107,2,1,1
BRDA:107,3,0,1
BRDA:107,3,1,1
BRDA:117,4,0,1
BRDA:117,4,1,0
BRDA:119,5,0,0
BRDA:119,5,1,1
BRDA:128,6,0,1
BRDA:128,6,1,0
BRDA:128,7,0,1
BRDA:128,7,1,0
BRDA:185,8,0,0
BRDA:185,8,1,0
BRDA:191,9,0,0
BRDA:191,9,1,0
BRDA:216,10,0,0
BRDA:216,10,1,0
BRDA:241,11,0,0
BRDA:241,11,1,1
BRDA:245,12,0,0
BRDA:245,12,1,1
BRDA:252,13,0,0
BRDA:252,13,1,1
BRDA:291,14,0,0
BRDA:291,14,1,1
BRDA:291,15,0,1
BRDA:291,15,1,1
BRDA:302,16,0,1
BRDA:302,16,1,0
BRDA:305,17,0,0
BRDA:305,17,1,1
BRDA:312,18,0,1
BRDA:312,18,1,0
BRDA:312,19,0,1
BRDA:312,19,1,0
BRDA:320,20,0,0
BRDA:320,20,1,0
BRDA:320,21,0,0
BRDA:320,21,1,0
BRDA:322,22,0,0
BRDA:322,22,1,0
BRDA:378,23,0,0
BRDA:378,23,1,1
BRDA:378,24,0,1
BRDA:378,24,1,1
BRDA:380,25,0,0
BRDA:380,25,1,0
BRDA:389,26,0,0
BRDA:389,26,1,1
BRDA:397,27,0,0
BRDA:397,27,1,1
BRDA:424,28,0,0
BRDA:424,28,1,0
BRDA:443,29,0,0
BRDA:443,29,1,0
BRDA:485,30,0,0
BRDA:485,30,1,0
BRDA:490,31,0,0
BRDA:490,31,1,0
BRDA:493,32,0,0
BRDA:493,32,1,0
BRDA:523,33,0,0
BRDA:523,33,1,0
BRDA:548,34,0,0
BRDA:548,34,1,0
BRDA:553,35,0,0
BRDA:553,35,1,0
BRDA:565,36,0,0
BRDA:565,36,1,0
BRDA:603,37,0,0
BRDA:603,37,1,0
BRDA:607,38,0,0
BRDA:607,38,1,0
BRDA:630,39,0,0
BRDA:630,39,1,0
BRDA:653,40,0,0
BRDA:653,40,1,0
BRDA:680,41,0,0
BRDA:680,41,1,0
BRDA:685,42,0,0
BRDA:685,42,1,0
BRDA:700,43,0,0
BRDA:700,43,1,0
BRDA:737,44,0,0
BRDA:737,44,1,0
BRDA:764,45,0,0
BRDA:764,45,1,0
BRDA:769,46,0,0
BRDA:769,46,1,0
BRDA:784,47,0,0
BRDA:784,47,1,0
BRDA:820,48,0,0
BRDA:820,48,1,0
BRDA:843,49,0,0
BRDA:843,49,1,0
BRDA:847,50,0,0
BRDA:847,50,1,0
BRF:102
BRH:22
end_of_record
TN:
SF:src/gemini_functions/gemini_functions.js
FN:14,createStudyGuide
FN:74,createQuiz
FN:169,createStudyPlan
FNF:3
FNH:3
FNDA:1,createStudyGuide
FNDA:1,createQuiz
FNDA:1,createStudyPlan
DA:1,5
DA:2,5
DA:5,5
DA:7,5
DA:15,1
DA:16,1
DA:21,1
DA:22,1
DA:24,1
DA:26,2
DA:31,2
DA:34,2
DA:41,2
DA:50,1
DA:56,1
DA:57,2
DA:58,2
DA:61,1
DA:63,0
DA:64,0
DA:75,1
DA:76,1
DA:107,1
DA:116,1
DA:117,1
DA:119,1
DA:121,2
DA:126,2
DA:129,2
DA:136,2
DA:145,1
DA:151,1
DA:152,2
DA:153,2
DA:156,1
DA:158,0
DA:159,0
DA:170,1
DA:171,1
DA:174,1
DA:175,1
DA:176,1
DA:177,2
DA:181,2
DA:187,2
DA:194,1
DA:199,1
DA:200,2
DA:202,1
DA:204,0
DA:205,0
DA:209,5
LF:52
LH:46
BRF:0
BRH:0
end_of_record
TN:
SF:src/routes/authRoutes.js
FNF:0
FNH:0
DA:1,4
DA:2,4
DA:4,4
DA:17,4
DA:30,4
DA:32,4
LF:6
LH:6
BRF:0
BRH:0
end_of_record
TN:
SF:src/routes/chatRoutes.js
FNF:0
FNH:0
DA:2,4
DA:3,4
DA:4,4
DA:7,4
DA:10,4
DA:12,4
LF:6
LH:6
BRF:0
BRH:0
end_of_record
TN:
SF:src/routes/projectRoutes.js
FNF:0
FNH:0
DA:1,4
DA:2,4
DA:3,4
DA:16,4
DA:29,4
DA:42,4
DA:44,4
LF:7
LH:7
BRF:0
BRH:0
end_of_record
TN:
SF:src/routes/quizRoutes.js
FNF:0
FNH:0
DA:1,4
DA:2,4
DA:3,4
DA:16,4
DA:29,4
DA:31,4
LF:6
LH:6
BRF:0
BRH:0
end_of_record
TN:
SF:src/routes/shareRoutes.js
FNF:0
FNH:0
DA:1,4
DA:2,4
DA:3,4
DA:16,4
DA:29,4
DA:42,4
DA:44,4
LF:7
LH:7
BRF:0
BRH:0
end_of_record
TN:
SF:src/routes/studyRoutes.js
FN:15,(anonymous_0)
FN:20,(anonymous_1)
FNF:2
FNH:0
FNDA:0,(anonymous_0)
FNDA:0,(anonymous_1)
DA:1,4
DA:2,4
DA:3,4
DA:4,4
DA:5,4
DA:6,4
DA:14,4
DA:16,0
DA:17,0
DA:18,0
DA:21,0
DA:25,4
DA:39,4
DA:52,4
DA:65,4
DA:78,4
DA:92,4
DA:105,4
DA:118,4
DA:131,4
DA:143,4
DA:155,4
DA:168,4
DA:180,4
DA:192,4
DA:205,4
DA:218,4
DA:231,4
DA:244,4
DA:246,4
LF:30
LH:26
BRF:0
BRH:0
end_of_record
